Using pre-set license
Built from '2020.3/release' branch; Version is '2020.3.27f1 (e759542391ea) revision 15161684'; Using compiler version '192528614'; Build Type 'Release'
OS: 'Windows 10  (10.0.19044) 64bit Core' Language: 'en' Physical Memory: 3959 MB
BatchMode: 1, IsHumanControllingUs: 0, StartBugReporterOnCrash: 0, Is64bit: 1, IsPro: 0

COMMAND LINE ARGUMENTS:
C:\Program Files\Unity\Hub\Editor\2020.3.27f1\Editor\Unity.exe
-adb2
-batchMode
-noUpm
-name
AssetImportWorker4
-projectPath
C:/Users/rona/Documents/GitHub/GalactiCarp/GMNG4312_GalactiCarp_Pisces2122
-logFile
Logs/AssetImportWorker4.log
-srvPort
59759
Successfully changed project path to: C:/Users/rona/Documents/GitHub/GalactiCarp/GMNG4312_GalactiCarp_Pisces2122
C:/Users/rona/Documents/GitHub/GalactiCarp/GMNG4312_GalactiCarp_Pisces2122
Using Asset Import Pipeline V2.
Refreshing native plugins compatible for Editor in 171.14 ms, found 2 plugins.
Preloading 0 native plugins for Editor in 0.00 ms.
Initialize engine version: 2020.3.27f1 (e759542391ea)
[Subsystems] Discovering subsystems at path C:/Program Files/Unity/Hub/Editor/2020.3.27f1/Editor/Data/Resources/UnitySubsystems
[Subsystems] Discovering subsystems at path C:/Users/rona/Documents/GitHub/GalactiCarp/GMNG4312_GalactiCarp_Pisces2122/Assets
GfxDevice: creating device client; threaded=0
Direct3D:
    Version:  Direct3D 11.0 [level 11.1]
    Renderer: Intel(R) HD Graphics 500 (ID=0x5a85)
    Vendor:   
    VRAM:     1979 MB
    Driver:   27.20.100.8682
Initialize mono
Mono path[0] = 'C:/Program Files/Unity/Hub/Editor/2020.3.27f1/Editor/Data/Managed'
Mono path[1] = 'C:/Program Files/Unity/Hub/Editor/2020.3.27f1/Editor/Data/MonoBleedingEdge/lib/mono/unityjit'
Mono config path = 'C:/Program Files/Unity/Hub/Editor/2020.3.27f1/Editor/Data/MonoBleedingEdge/etc'
Using monoOptions --debugger-agent=transport=dt_socket,embedding=1,server=y,suspend=n,address=127.0.0.1:56948
Begin MonoManager ReloadAssembly
Registering precompiled unity dll's ...
Register platform support module: C:/Program Files/Unity/Hub/Editor/2020.3.27f1/Editor/Data/PlaybackEngines/WindowsStandaloneSupport/UnityEditor.WindowsStandalone.Extensions.dll
Registered in 0.014613 seconds.
Native extension for WindowsStandalone target not found
Refreshing native plugins compatible for Editor in 156.96 ms, found 2 plugins.
Preloading 0 native plugins for Editor in 0.00 ms.
Mono: successfully reloaded assembly
- Completed reload, in  2.800 seconds
Domain Reload Profiling:
	ReloadAssembly (2801ms)
		BeginReloadAssembly (280ms)
			ExecutionOrderSort (0ms)
			DisableScriptedObjects (0ms)
			BackupInstance (0ms)
			ReleaseScriptingObjects (0ms)
			CreateAndSetChildDomain (4ms)
		EndReloadAssembly (2091ms)
			LoadAssemblies (267ms)
			RebuildTransferFunctionScriptingTraits (0ms)
			SetupTypeCache (603ms)
			ReleaseScriptCaches (0ms)
			RebuildScriptCaches (142ms)
			SetupLoadedEditorAssemblies (816ms)
				LogAssemblyErrors (0ms)
				InitializePlatformSupportModulesInManaged (20ms)
				SetLoadedEditorAssemblies (1ms)
				RefreshPlugins (157ms)
				BeforeProcessingInitializeOnLoad (64ms)
				ProcessInitializeOnLoadAttributes (443ms)
				ProcessInitializeOnLoadMethodAttributes (130ms)
				AfterProcessingInitializeOnLoad (0ms)
				EditorAssembliesLoaded (1ms)
			ExecutionOrderSort2 (0ms)
			AwakeInstancesAfterBackupRestoration (0ms)
Platform modules already initialized, skipping
Registering precompiled user dll's ...
Registered in 0.027409 seconds.
Begin MonoManager ReloadAssembly
Native extension for WindowsStandalone target not found
Refreshing native plugins compatible for Editor in 1.62 ms, found 2 plugins.
Preloading 0 native plugins for Editor in 0.00 ms.
Mono: successfully reloaded assembly
- Completed reload, in  9.048 seconds
Domain Reload Profiling:
	ReloadAssembly (9053ms)
		BeginReloadAssembly (740ms)
			ExecutionOrderSort (0ms)
			DisableScriptedObjects (19ms)
			BackupInstance (0ms)
			ReleaseScriptingObjects (0ms)
			CreateAndSetChildDomain (59ms)
		EndReloadAssembly (8074ms)
			LoadAssemblies (571ms)
			RebuildTransferFunctionScriptingTraits (0ms)
			SetupTypeCache (1358ms)
			ReleaseScriptCaches (1ms)
			RebuildScriptCaches (281ms)
			SetupLoadedEditorAssemblies (5384ms)
				LogAssemblyErrors (0ms)
				InitializePlatformSupportModulesInManaged (18ms)
				SetLoadedEditorAssemblies (2ms)
				RefreshPlugins (2ms)
				BeforeProcessingInitializeOnLoad (664ms)
				ProcessInitializeOnLoadAttributes (4522ms)
				ProcessInitializeOnLoadMethodAttributes (143ms)
				AfterProcessingInitializeOnLoad (32ms)
				EditorAssembliesLoaded (1ms)
			ExecutionOrderSort2 (0ms)
			AwakeInstancesAfterBackupRestoration (26ms)
Platform modules already initialized, skipping
========================================================================
Worker process is ready to serve import requests
Launched and connected shader compiler UnityShaderCompiler.exe after 0.67 seconds
Refreshing native plugins compatible for Editor in 1.85 ms, found 2 plugins.
Preloading 0 native plugins for Editor in 0.00 ms.
Unloading 2060 Unused Serialized files (Serialized files now loaded: 0)
System memory in use before: 95.9 MB.
System memory in use after: 96.0 MB.

Unloading 21 unused Assets to reduce memory usage. Loaded Objects now: 2497.
Total: 10.502800 ms (FindLiveObjects: 1.139300 ms CreateObjectMapping: 0.901600 ms MarkObjects: 8.241500 ms  DeleteObjects: 0.215800 ms)

AssetImportParameters requested are different than current active one (requested -> active):
  custom:framework-win-MediaFoundation: 216162199b28c13a410421893ffa2e32 -> 
  custom:video-decoder-ogg-theora: a1e56fd34408186e4bbccfd4996cb3dc -> 
  custom:container-muxer-webm: aa71ff27fc2769a1b78a27578f13a17b -> 
  custom:container-demuxer-webm: 4f35f7cbe854078d1ac9338744f61a02 -> 
  custom:container-demuxer-ogg: 62fdf1f143b41e24485cea50d1cbac27 -> 
  custom:video-encoder-webm-vp8: eb34c28f22e8b96e1ab97ce403110664 -> 
  custom:video-decoder-webm-vp8: 9c59270c3fd7afecdb556c50c9e8de78 -> 
  custom:audio-decoder-ogg-vorbis: bf7c407c2cedff20999df2af8eb42d56 -> 
  custom:audio-encoder-webm-vorbis: bf7c407c2cedff20999df2af8eb42d56 -> 
========================================================================
Received Import Request.
  path: Assets/Prefabs/Actual Gmae Prefabs
  artifactKey: Guid(97b99d0cf8867504c876ddad02f0d6b5) Importer(815301076,1909f56bfc062723c751e8b465ee728b)
Start importing Assets/Prefabs/Actual Gmae Prefabs using Guid(97b99d0cf8867504c876ddad02f0d6b5) Importer(815301076,1909f56bfc062723c751e8b465ee728b)  -> (artifact id: 'b229fa918e5602896a9a14f5a12a2666') in 0.033206 seconds 
  Import took 0.085382 seconds .

========================================================================
Received Import Request.
  Time since last request: 1376.847687 seconds.
  path: Assets/Prefabs/Actual Gmae Prefabs/-----Player-----.prefab
  artifactKey: Guid(e3139d0828d3c7e4caa0b4c92e052c5d) Importer(815301076,1909f56bfc062723c751e8b465ee728b)
Start importing Assets/Prefabs/Actual Gmae Prefabs/-----Player-----.prefab using Guid(e3139d0828d3c7e4caa0b4c92e052c5d) Importer(815301076,1909f56bfc062723c751e8b465ee728b)  -> (artifact id: 'b118cc730c4834310c417b3ea0e29055') in 1.805323 seconds 
  Import took 1.883533 seconds .

========================================================================
Received Import Request.
  Time since last request: 16.318017 seconds.
  path: Assets/Prefabs/Actual Gmae Prefabs/-----Player-----.prefab
  artifactKey: Guid(e3139d0828d3c7e4caa0b4c92e052c5d) Importer(815301076,1909f56bfc062723c751e8b465ee728b)
Start importing Assets/Prefabs/Actual Gmae Prefabs/-----Player-----.prefab using Guid(e3139d0828d3c7e4caa0b4c92e052c5d) Importer(815301076,1909f56bfc062723c751e8b465ee728b)  -> (artifact id: '08ad33f2d6706b373761b1b57c1638bc') in 0.208405 seconds 
  Import took 0.286694 seconds .

========================================================================
Received Import Request.
  Time since last request: 9.760466 seconds.
  path: Assets/Prefabs/Actual Gmae Prefabs/-----Player-----.prefab
  artifactKey: Guid(e3139d0828d3c7e4caa0b4c92e052c5d) Importer(815301076,1909f56bfc062723c751e8b465ee728b)
Start importing Assets/Prefabs/Actual Gmae Prefabs/-----Player-----.prefab using Guid(e3139d0828d3c7e4caa0b4c92e052c5d) Importer(815301076,1909f56bfc062723c751e8b465ee728b)  -> (artifact id: '2fa4b11d0b9ed65b329d29f3e835f096') in 0.280735 seconds 
  Import took 0.351421 seconds .

========================================================================
Received Import Request.
  Time since last request: 23.990350 seconds.
  path: Assets/Prefabs/Actual Gmae Prefabs/-----Player-----.prefab
  artifactKey: Guid(e3139d0828d3c7e4caa0b4c92e052c5d) Importer(815301076,1909f56bfc062723c751e8b465ee728b)
Start importing Assets/Prefabs/Actual Gmae Prefabs/-----Player-----.prefab using Guid(e3139d0828d3c7e4caa0b4c92e052c5d) Importer(815301076,1909f56bfc062723c751e8b465ee728b)  -> (artifact id: 'e8bc305f17b58ca3dd80eba416283dac') in 0.225834 seconds 
  Import took 0.344360 seconds .

========================================================================
Received Import Request.
  Time since last request: 5.434277 seconds.
  path: Assets/Prefabs/Actual Gmae Prefabs/-----Player-----.prefab
  artifactKey: Guid(e3139d0828d3c7e4caa0b4c92e052c5d) Importer(815301076,1909f56bfc062723c751e8b465ee728b)
Start importing Assets/Prefabs/Actual Gmae Prefabs/-----Player-----.prefab using Guid(e3139d0828d3c7e4caa0b4c92e052c5d) Importer(815301076,1909f56bfc062723c751e8b465ee728b)  -> (artifact id: '86606019e5a8e6bae777f20dbe7f5c04') in 0.087046 seconds 
  Import took 0.157651 seconds .

========================================================================
Received Import Request.
  Time since last request: 84.234657 seconds.
  path: Assets/Prefabs/Actual Gmae Prefabs/-----Player-----.prefab
  artifactKey: Guid(e3139d0828d3c7e4caa0b4c92e052c5d) Importer(815301076,1909f56bfc062723c751e8b465ee728b)
Start importing Assets/Prefabs/Actual Gmae Prefabs/-----Player-----.prefab using Guid(e3139d0828d3c7e4caa0b4c92e052c5d) Importer(815301076,1909f56bfc062723c751e8b465ee728b)  -> (artifact id: 'd487fae3fb1953ee67a754c5c0bd9576') in 0.166291 seconds 
  Import took 0.227126 seconds .

========================================================================
Received Import Request.
  Time since last request: 5.980517 seconds.
  path: Assets/Prefabs/Actual Gmae Prefabs/-----Player-----.prefab
  artifactKey: Guid(e3139d0828d3c7e4caa0b4c92e052c5d) Importer(815301076,1909f56bfc062723c751e8b465ee728b)
Start importing Assets/Prefabs/Actual Gmae Prefabs/-----Player-----.prefab using Guid(e3139d0828d3c7e4caa0b4c92e052c5d) Importer(815301076,1909f56bfc062723c751e8b465ee728b)  -> (artifact id: '74146daa50c6c585764e513e3f994259') in 0.132276 seconds 
  Import took 0.193896 seconds .

========================================================================
Received Import Request.
  Time since last request: 17.497700 seconds.
  path: Assets/Prefabs/Actual Gmae Prefabs/-----Player-----.prefab
  artifactKey: Guid(e3139d0828d3c7e4caa0b4c92e052c5d) Importer(815301076,1909f56bfc062723c751e8b465ee728b)
Start importing Assets/Prefabs/Actual Gmae Prefabs/-----Player-----.prefab using Guid(e3139d0828d3c7e4caa0b4c92e052c5d) Importer(815301076,1909f56bfc062723c751e8b465ee728b)  -> (artifact id: '20beea7ff68b50a7c99dcccafd75e5a1') in 0.137128 seconds 
  Import took 0.177436 seconds .

========================================================================
Received Import Request.
  Time since last request: 619.736045 seconds.
  path: Assets/Prefabs/Actual Gmae Prefabs/-----Upgrade 2-----.prefab
  artifactKey: Guid(dc060d183aef1094890b4b39323e4803) Importer(815301076,1909f56bfc062723c751e8b465ee728b)
Start importing Assets/Prefabs/Actual Gmae Prefabs/-----Upgrade 2-----.prefab using Guid(dc060d183aef1094890b4b39323e4803) Importer(815301076,1909f56bfc062723c751e8b465ee728b)  -> (artifact id: 'b6b085ca34cc72cf02c516d2ed2e4141') in 0.325428 seconds 
  Import took 0.347766 seconds .

========================================================================
Received Import Request.
  Time since last request: 50.215865 seconds.
  path: Assets/Prefabs/Actual Gmae Prefabs/-----Player-----.prefab
  artifactKey: Guid(e3139d0828d3c7e4caa0b4c92e052c5d) Importer(815301076,1909f56bfc062723c751e8b465ee728b)
Start importing Assets/Prefabs/Actual Gmae Prefabs/-----Player-----.prefab using Guid(e3139d0828d3c7e4caa0b4c92e052c5d) Importer(815301076,1909f56bfc062723c751e8b465ee728b)  -> (artifact id: '695c07f7933eb5b5429b4487a3274896') in 0.164153 seconds 
  Import took 0.250630 seconds .

========================================================================
Received Import Request.
  Time since last request: 4.231094 seconds.
  path: Assets/Prefabs/Actual Gmae Prefabs/-----Player-----.prefab
  artifactKey: Guid(e3139d0828d3c7e4caa0b4c92e052c5d) Importer(815301076,1909f56bfc062723c751e8b465ee728b)
Start importing Assets/Prefabs/Actual Gmae Prefabs/-----Player-----.prefab using Guid(e3139d0828d3c7e4caa0b4c92e052c5d) Importer(815301076,1909f56bfc062723c751e8b465ee728b)  -> (artifact id: '2b9b574ce0a8f1220d3312b86cd0ba78') in 0.167673 seconds 
  Import took 0.239629 seconds .

========================================================================
Received Import Request.
  Time since last request: 3.261003 seconds.
  path: Assets/Prefabs/Actual Gmae Prefabs/-----Player-----.prefab
  artifactKey: Guid(e3139d0828d3c7e4caa0b4c92e052c5d) Importer(815301076,1909f56bfc062723c751e8b465ee728b)
Start importing Assets/Prefabs/Actual Gmae Prefabs/-----Player-----.prefab using Guid(e3139d0828d3c7e4caa0b4c92e052c5d) Importer(815301076,1909f56bfc062723c751e8b465ee728b)  -> (artifact id: 'a843b46cafe48535229e5ae091570eea') in 0.937153 seconds 
  Import took 1.274950 seconds .

========================================================================
Received Import Request.
  Time since last request: 3.481944 seconds.
  path: Assets/Prefabs/Actual Gmae Prefabs/-----Upgrade 2-----.prefab
  artifactKey: Guid(dc060d183aef1094890b4b39323e4803) Importer(815301076,1909f56bfc062723c751e8b465ee728b)
Start importing Assets/Prefabs/Actual Gmae Prefabs/-----Upgrade 2-----.prefab using Guid(dc060d183aef1094890b4b39323e4803) Importer(815301076,1909f56bfc062723c751e8b465ee728b)  -> (artifact id: 'e18d963a791f5880b94cc574a6654f95') in 0.165038 seconds 
  Import took 0.200757 seconds .

========================================================================
Received Import Request.
  Time since last request: 2.382468 seconds.
  path: Assets/Prefabs/Actual Gmae Prefabs/-----Upgrade 2-----.prefab
  artifactKey: Guid(dc060d183aef1094890b4b39323e4803) Importer(815301076,1909f56bfc062723c751e8b465ee728b)
Start importing Assets/Prefabs/Actual Gmae Prefabs/-----Upgrade 2-----.prefab using Guid(dc060d183aef1094890b4b39323e4803) Importer(815301076,1909f56bfc062723c751e8b465ee728b)  -> (artifact id: 'fc80e8f84c2d9b014a2ac7ca5cf1ebc6') in 0.252288 seconds 
  Import took 0.317390 seconds .

========================================================================
Received Import Request.
  Time since last request: 72.602487 seconds.
  path: Assets/Prefabs/Actual Gmae Prefabs/-----Upgrade 2-----.prefab
  artifactKey: Guid(dc060d183aef1094890b4b39323e4803) Importer(815301076,1909f56bfc062723c751e8b465ee728b)
Start importing Assets/Prefabs/Actual Gmae Prefabs/-----Upgrade 2-----.prefab using Guid(dc060d183aef1094890b4b39323e4803) Importer(815301076,1909f56bfc062723c751e8b465ee728b)  -> (artifact id: '8f43b229a3df41be07c9d001c9556684') in 0.154360 seconds 
  Import took 0.205493 seconds .

========================================================================
Received Import Request.
  Time since last request: 2.831129 seconds.
  path: Assets/Prefabs/Actual Gmae Prefabs/-----Upgrade 2-----.prefab
  artifactKey: Guid(dc060d183aef1094890b4b39323e4803) Importer(815301076,1909f56bfc062723c751e8b465ee728b)
Start importing Assets/Prefabs/Actual Gmae Prefabs/-----Upgrade 2-----.prefab using Guid(dc060d183aef1094890b4b39323e4803) Importer(815301076,1909f56bfc062723c751e8b465ee728b)  -> (artifact id: '91e72915a5071060d77fd9b20f9e6eda') in 0.116415 seconds 
  Import took 0.168112 seconds .

========================================================================
Received Import Request.
  Time since last request: 3.993062 seconds.
  path: Assets/Prefabs/Actual Gmae Prefabs/-----Upgrade 2-----.prefab
  artifactKey: Guid(dc060d183aef1094890b4b39323e4803) Importer(815301076,1909f56bfc062723c751e8b465ee728b)
Start importing Assets/Prefabs/Actual Gmae Prefabs/-----Upgrade 2-----.prefab using Guid(dc060d183aef1094890b4b39323e4803) Importer(815301076,1909f56bfc062723c751e8b465ee728b)  -> (artifact id: '63c92e18bc4e9e6b3e75da73737da374') in 0.313396 seconds 
  Import took 0.403583 seconds .

========================================================================
Received Import Request.
  Time since last request: 70.317911 seconds.
  path: Assets/Prefabs/Actual Gmae Prefabs/-----Player-----.prefab
  artifactKey: Guid(e3139d0828d3c7e4caa0b4c92e052c5d) Importer(815301076,1909f56bfc062723c751e8b465ee728b)
Start importing Assets/Prefabs/Actual Gmae Prefabs/-----Player-----.prefab using Guid(e3139d0828d3c7e4caa0b4c92e052c5d) Importer(815301076,1909f56bfc062723c751e8b465ee728b)  -> (artifact id: '126047a777ec7cd3e0730f9084393b85') in 0.122922 seconds 
  Import took 0.144876 seconds .

========================================================================
Received Import Request.
  Time since last request: 11.768315 seconds.
  path: Assets/Prefabs/Actual Gmae Prefabs/-----Upgrade 2-----.prefab
  artifactKey: Guid(dc060d183aef1094890b4b39323e4803) Importer(815301076,1909f56bfc062723c751e8b465ee728b)
Start importing Assets/Prefabs/Actual Gmae Prefabs/-----Upgrade 2-----.prefab using Guid(dc060d183aef1094890b4b39323e4803) Importer(815301076,1909f56bfc062723c751e8b465ee728b)  -> (artifact id: '397c299d53d8ba11744215311108edef') in 0.339529 seconds 
  Import took 0.391943 seconds .

========================================================================
Received Import Request.
  Time since last request: 35.408725 seconds.
  path: Assets/Prefabs/Actual Gmae Prefabs/-----Upgrade 2-----.prefab
  artifactKey: Guid(dc060d183aef1094890b4b39323e4803) Importer(815301076,1909f56bfc062723c751e8b465ee728b)
Start importing Assets/Prefabs/Actual Gmae Prefabs/-----Upgrade 2-----.prefab using Guid(dc060d183aef1094890b4b39323e4803) Importer(815301076,1909f56bfc062723c751e8b465ee728b)  -> (artifact id: '781e04f4e5a7503e418eb4604033f22c') in 0.156905 seconds 
  Import took 0.212230 seconds .

========================================================================
Received Import Request.
  Time since last request: 291.560385 seconds.
  path: Assets/Prefabs/Actual Gmae Prefabs/-----Upgrade 3-----.prefab
  artifactKey: Guid(1967348319a0dbe4db52ce01ab352c7e) Importer(815301076,1909f56bfc062723c751e8b465ee728b)
Start importing Assets/Prefabs/Actual Gmae Prefabs/-----Upgrade 3-----.prefab using Guid(1967348319a0dbe4db52ce01ab352c7e) Importer(815301076,1909f56bfc062723c751e8b465ee728b)  -> (artifact id: '70773d9fd7f75063328ef82c2864c1d3') in 0.424197 seconds 
  Import took 0.461652 seconds .

========================================================================
Received Import Request.
  Time since last request: 4.108735 seconds.
  path: Assets/Prefabs/Actual Gmae Prefabs/-----Upgrade 3-----.prefab
  artifactKey: Guid(1967348319a0dbe4db52ce01ab352c7e) Importer(815301076,1909f56bfc062723c751e8b465ee728b)
Start importing Assets/Prefabs/Actual Gmae Prefabs/-----Upgrade 3-----.prefab using Guid(1967348319a0dbe4db52ce01ab352c7e) Importer(815301076,1909f56bfc062723c751e8b465ee728b)  -> (artifact id: 'd4b9306ed1e350ef93747ce3fa7e577f') in 0.149673 seconds 
  Import took 0.212407 seconds .

========================================================================
Received Import Request.
  Time since last request: 4.502302 seconds.
  path: Assets/Prefabs/Actual Gmae Prefabs/-----Upgrade 3-----.prefab
  artifactKey: Guid(1967348319a0dbe4db52ce01ab352c7e) Importer(815301076,1909f56bfc062723c751e8b465ee728b)
Start importing Assets/Prefabs/Actual Gmae Prefabs/-----Upgrade 3-----.prefab using Guid(1967348319a0dbe4db52ce01ab352c7e) Importer(815301076,1909f56bfc062723c751e8b465ee728b)  -> (artifact id: 'ec843acdf9d5753561cae60793746ad6') in 0.209130 seconds 
  Import took 0.245388 seconds .

========================================================================
Received Import Request.
  Time since last request: 3.468253 seconds.
  path: Assets/Prefabs/Actual Gmae Prefabs/-----Upgrade 3-----.prefab
  artifactKey: Guid(1967348319a0dbe4db52ce01ab352c7e) Importer(815301076,1909f56bfc062723c751e8b465ee728b)
Start importing Assets/Prefabs/Actual Gmae Prefabs/-----Upgrade 3-----.prefab using Guid(1967348319a0dbe4db52ce01ab352c7e) Importer(815301076,1909f56bfc062723c751e8b465ee728b)  -> (artifact id: 'ea757667d89cf293e18f564b4d0b9b4d') in 0.210297 seconds 
  Import took 0.339931 seconds .

========================================================================
Received Import Request.
  Time since last request: 4.795505 seconds.
  path: Assets/Prefabs/Actual Gmae Prefabs/-----Upgrade 3-----.prefab
  artifactKey: Guid(1967348319a0dbe4db52ce01ab352c7e) Importer(815301076,1909f56bfc062723c751e8b465ee728b)
Start importing Assets/Prefabs/Actual Gmae Prefabs/-----Upgrade 3-----.prefab using Guid(1967348319a0dbe4db52ce01ab352c7e) Importer(815301076,1909f56bfc062723c751e8b465ee728b)  -> (artifact id: 'dbd2d3aa751a22334ff249d726e5f5c1') in 0.154162 seconds 
  Import took 0.192122 seconds .

========================================================================
Received Import Request.
  Time since last request: 2.748198 seconds.
  path: Assets/Prefabs/Actual Gmae Prefabs/-----Upgrade 3-----.prefab
  artifactKey: Guid(1967348319a0dbe4db52ce01ab352c7e) Importer(815301076,1909f56bfc062723c751e8b465ee728b)
Start importing Assets/Prefabs/Actual Gmae Prefabs/-----Upgrade 3-----.prefab using Guid(1967348319a0dbe4db52ce01ab352c7e) Importer(815301076,1909f56bfc062723c751e8b465ee728b)  -> (artifact id: '4fd3cbc1664d7474d7a96e42b21670a0') in 0.160936 seconds 
  Import took 0.194446 seconds .

========================================================================
Received Import Request.
  Time since last request: 7.626215 seconds.
  path: Assets/Prefabs/Actual Gmae Prefabs/-----Upgrade 3-----.prefab
  artifactKey: Guid(1967348319a0dbe4db52ce01ab352c7e) Importer(815301076,1909f56bfc062723c751e8b465ee728b)
Start importing Assets/Prefabs/Actual Gmae Prefabs/-----Upgrade 3-----.prefab using Guid(1967348319a0dbe4db52ce01ab352c7e) Importer(815301076,1909f56bfc062723c751e8b465ee728b)  -> (artifact id: 'c43dc31f51e6bef4c0660ec9f7273d64') in 0.171796 seconds 
  Import took 0.235835 seconds .

========================================================================
Received Import Request.
  Time since last request: 19.101907 seconds.
  path: Assets/Prefabs/Actual Gmae Prefabs/-----Upgrade 3-----.prefab
  artifactKey: Guid(1967348319a0dbe4db52ce01ab352c7e) Importer(815301076,1909f56bfc062723c751e8b465ee728b)
Start importing Assets/Prefabs/Actual Gmae Prefabs/-----Upgrade 3-----.prefab using Guid(1967348319a0dbe4db52ce01ab352c7e) Importer(815301076,1909f56bfc062723c751e8b465ee728b)  -> (artifact id: '2149c512fb0266966538a5951e20d0d8') in 0.200178 seconds 
  Import took 0.211664 seconds .

========================================================================
Received Import Request.
  Time since last request: 4.056370 seconds.
  path: Assets/Prefabs/Actual Gmae Prefabs/-----Upgrade 3-----.prefab
  artifactKey: Guid(1967348319a0dbe4db52ce01ab352c7e) Importer(815301076,1909f56bfc062723c751e8b465ee728b)
Start importing Assets/Prefabs/Actual Gmae Prefabs/-----Upgrade 3-----.prefab using Guid(1967348319a0dbe4db52ce01ab352c7e) Importer(815301076,1909f56bfc062723c751e8b465ee728b)  -> (artifact id: 'e8615ebf7fd4a45b6e43a2336bb8ec68') in 0.362941 seconds 
  Import took 0.424306 seconds .

========================================================================
Received Import Request.
  Time since last request: 4.769365 seconds.
  path: Assets/Prefabs/Actual Gmae Prefabs/-----Upgrade 2-----.prefab
  artifactKey: Guid(dc060d183aef1094890b4b39323e4803) Importer(815301076,1909f56bfc062723c751e8b465ee728b)
Start importing Assets/Prefabs/Actual Gmae Prefabs/-----Upgrade 2-----.prefab using Guid(dc060d183aef1094890b4b39323e4803) Importer(815301076,1909f56bfc062723c751e8b465ee728b)  -> (artifact id: '44e37dfbcb2eb735d48b3212b654ca46') in 0.281626 seconds 
  Import took 0.351480 seconds .

========================================================================
Received Import Request.
  Time since last request: 266.320341 seconds.
  path: Assets/Prefabs/Actual Gmae Prefabs/-----Upgrade 4-----.prefab
  artifactKey: Guid(97e0085b72d9c374e916decb7d45f979) Importer(815301076,1909f56bfc062723c751e8b465ee728b)
Start importing Assets/Prefabs/Actual Gmae Prefabs/-----Upgrade 4-----.prefab using Guid(97e0085b72d9c374e916decb7d45f979) Importer(815301076,1909f56bfc062723c751e8b465ee728b)  -> (artifact id: '82249d677296f9f608947f04901401e6') in 0.224057 seconds 
  Import took 0.301885 seconds .

========================================================================
Received Import Request.
  Time since last request: 1.115520 seconds.
  path: Assets/Prefabs/Actual Gmae Prefabs/-----Upgrade 4-----.prefab
  artifactKey: Guid(97e0085b72d9c374e916decb7d45f979) Importer(815301076,1909f56bfc062723c751e8b465ee728b)
Start importing Assets/Prefabs/Actual Gmae Prefabs/-----Upgrade 4-----.prefab using Guid(97e0085b72d9c374e916decb7d45f979) Importer(815301076,1909f56bfc062723c751e8b465ee728b)  -> (artifact id: '19a267d24c43a188185f6fa593323949') in 0.443529 seconds 
  Import took 0.493762 seconds .

========================================================================
Received Import Request.
  Time since last request: 94.242574 seconds.
  path: Assets/Prefabs/Actual Gmae Prefabs/-----Upgrade 2-----.prefab
  artifactKey: Guid(dc060d183aef1094890b4b39323e4803) Importer(815301076,1909f56bfc062723c751e8b465ee728b)
Start importing Assets/Prefabs/Actual Gmae Prefabs/-----Upgrade 2-----.prefab using Guid(dc060d183aef1094890b4b39323e4803) Importer(815301076,1909f56bfc062723c751e8b465ee728b)  -> (artifact id: '56f52e5c6020c4da7da01fe0fcde4146') in 0.135972 seconds 
  Import took 0.152716 seconds .

========================================================================
Received Import Request.
  Time since last request: 23.389859 seconds.
  path: Assets/Prefabs/Actual Gmae Prefabs/-----Upgrade 2----- 1.prefab
  artifactKey: Guid(ed3c0177d0719f941ba6395417d26c9a) Importer(815301076,1909f56bfc062723c751e8b465ee728b)
Start importing Assets/Prefabs/Actual Gmae Prefabs/-----Upgrade 2----- 1.prefab using Guid(ed3c0177d0719f941ba6395417d26c9a) Importer(815301076,1909f56bfc062723c751e8b465ee728b)  -> (artifact id: '0d11404d4d69e3aff94b412d267b992c') in 0.228414 seconds 
  Import took 0.240683 seconds .

========================================================================
Received Import Request.
  Time since last request: 12.001807 seconds.
  path: Assets/Prefabs/Actual Gmae Prefabs/-----Upgrade 1-----.prefab
  artifactKey: Guid(436d2b1acc0b6024798c0456346ff56b) Importer(815301076,1909f56bfc062723c751e8b465ee728b)
Start importing Assets/Prefabs/Actual Gmae Prefabs/-----Upgrade 1-----.prefab using Guid(436d2b1acc0b6024798c0456346ff56b) Importer(815301076,1909f56bfc062723c751e8b465ee728b)  -> (artifact id: '1ca37b1fd937a457f7abb6fac5c383d3') in 0.289976 seconds 
  Import took 0.319495 seconds .

========================================================================
Received Import Request.
  Time since last request: 36.556440 seconds.
  path: Assets/Prefabs/Actual Gmae Prefabs/-----Upgrade 2-----.prefab
  artifactKey: Guid(dc060d183aef1094890b4b39323e4803) Importer(815301076,1909f56bfc062723c751e8b465ee728b)
Start importing Assets/Prefabs/Actual Gmae Prefabs/-----Upgrade 2-----.prefab using Guid(dc060d183aef1094890b4b39323e4803) Importer(815301076,1909f56bfc062723c751e8b465ee728b)  -> (artifact id: 'd4e59d25d1ccbaaeac22fa2d3a7ce328') in 0.240804 seconds 
  Import took 0.308994 seconds .

========================================================================
Received Import Request.
  Time since last request: 1009.119149 seconds.
  path: Assets/Prefabs/Actual Gmae Prefabs/-----Upgrade 3-----.prefab
  artifactKey: Guid(1967348319a0dbe4db52ce01ab352c7e) Importer(815301076,1909f56bfc062723c751e8b465ee728b)
Start importing Assets/Prefabs/Actual Gmae Prefabs/-----Upgrade 3-----.prefab using Guid(1967348319a0dbe4db52ce01ab352c7e) Importer(815301076,1909f56bfc062723c751e8b465ee728b)  -> (artifact id: '4100c6d110afaaf47cbc3c42a8ba09b9') in 0.231023 seconds 
  Import took 0.265898 seconds .

========================================================================
Received Prepare
Registering precompiled user dll's ...
Registered in 0.166907 seconds.
Begin MonoManager ReloadAssembly
Native extension for WindowsStandalone target not found
Refreshing native plugins compatible for Editor in 1.69 ms, found 2 plugins.
Preloading 0 native plugins for Editor in 0.00 ms.
Mono: successfully reloaded assembly
- Completed reload, in  8.178 seconds
Domain Reload Profiling:
	ReloadAssembly (8182ms)
		BeginReloadAssembly (729ms)
			ExecutionOrderSort (2ms)
			DisableScriptedObjects (40ms)
			BackupInstance (0ms)
			ReleaseScriptingObjects (0ms)
			CreateAndSetChildDomain (270ms)
		EndReloadAssembly (7030ms)
			LoadAssemblies (568ms)
			RebuildTransferFunctionScriptingTraits (0ms)
			SetupTypeCache (1937ms)
			ReleaseScriptCaches (2ms)
			RebuildScriptCaches (680ms)
			SetupLoadedEditorAssemblies (2490ms)
				LogAssemblyErrors (0ms)
				InitializePlatformSupportModulesInManaged (20ms)
				SetLoadedEditorAssemblies (3ms)
				RefreshPlugins (2ms)
				BeforeProcessingInitializeOnLoad (379ms)
				ProcessInitializeOnLoadAttributes (2019ms)
				ProcessInitializeOnLoadMethodAttributes (32ms)
				AfterProcessingInitializeOnLoad (34ms)
				EditorAssembliesLoaded (1ms)
			ExecutionOrderSort2 (0ms)
			AwakeInstancesAfterBackupRestoration (27ms)
Platform modules already initialized, skipping
Refreshing native plugins compatible for Editor in 2.22 ms, found 2 plugins.
Preloading 0 native plugins for Editor in 0.00 ms.
Unloading 2037 Unused Serialized files (Serialized files now loaded: 0)
System memory in use before: 111.0 MB.
System memory in use after: 111.1 MB.

Unloading 16 unused Assets to reduce memory usage. Loaded Objects now: 2507.
Total: 24.954300 ms (FindLiveObjects: 1.675000 ms CreateObjectMapping: 1.888200 ms MarkObjects: 20.808400 ms  DeleteObjects: 0.577600 ms)

AssetImportParameters requested are different than current active one (requested -> active):
  custom:framework-win-MediaFoundation: 216162199b28c13a410421893ffa2e32 -> 
  custom:video-decoder-ogg-theora: a1e56fd34408186e4bbccfd4996cb3dc -> 
  custom:container-muxer-webm: aa71ff27fc2769a1b78a27578f13a17b -> 
  custom:container-demuxer-webm: 4f35f7cbe854078d1ac9338744f61a02 -> 
  custom:container-demuxer-ogg: 62fdf1f143b41e24485cea50d1cbac27 -> 
  custom:video-encoder-webm-vp8: eb34c28f22e8b96e1ab97ce403110664 -> 
  custom:video-decoder-webm-vp8: 9c59270c3fd7afecdb556c50c9e8de78 -> 
  custom:audio-decoder-ogg-vorbis: bf7c407c2cedff20999df2af8eb42d56 -> 
  custom:audio-encoder-webm-vorbis: bf7c407c2cedff20999df2af8eb42d56 -> 
========================================================================
Received Import Request.
  Time since last request: 212.478415 seconds.
  path: Assets/Prefabs/Actual Gmae Prefabs/-----Player-----.prefab
  artifactKey: Guid(e3139d0828d3c7e4caa0b4c92e052c5d) Importer(815301076,1909f56bfc062723c751e8b465ee728b)
Start importing Assets/Prefabs/Actual Gmae Prefabs/-----Player-----.prefab using Guid(e3139d0828d3c7e4caa0b4c92e052c5d) Importer(815301076,1909f56bfc062723c751e8b465ee728b)  -> (artifact id: 'dd2b5f1536eedb4a96126b0b3926c19c') in 1.199427 seconds 
  Import took 1.223825 seconds .

========================================================================
Received Import Request.
  Time since last request: 3.637542 seconds.
  path: Assets/Prefabs/Actual Gmae Prefabs/-----Upgrade 1-----.prefab
  artifactKey: Guid(436d2b1acc0b6024798c0456346ff56b) Importer(815301076,1909f56bfc062723c751e8b465ee728b)
Start importing Assets/Prefabs/Actual Gmae Prefabs/-----Upgrade 1-----.prefab using Guid(436d2b1acc0b6024798c0456346ff56b) Importer(815301076,1909f56bfc062723c751e8b465ee728b)  -> (artifact id: 'f0b91c59c4650adc1f79ee10f5124509') in 0.293922 seconds 
  Import took 0.425387 seconds .

========================================================================
Received Import Request.
  Time since last request: 3.764049 seconds.
  path: Assets/Prefabs/Actual Gmae Prefabs/-----Upgrade 1-----.prefab
  artifactKey: Guid(436d2b1acc0b6024798c0456346ff56b) Importer(815301076,1909f56bfc062723c751e8b465ee728b)
Start importing Assets/Prefabs/Actual Gmae Prefabs/-----Upgrade 1-----.prefab using Guid(436d2b1acc0b6024798c0456346ff56b) Importer(815301076,1909f56bfc062723c751e8b465ee728b)  -> (artifact id: 'fd2841abf5df46df1b7db55b39ae47b0') in 0.143556 seconds 
  Import took 0.173926 seconds .

========================================================================
Received Import Request.
  Time since last request: 2.568703 seconds.
  path: Assets/Prefabs/Actual Gmae Prefabs/-----Upgrade 1-----.prefab
  artifactKey: Guid(436d2b1acc0b6024798c0456346ff56b) Importer(815301076,1909f56bfc062723c751e8b465ee728b)
Start importing Assets/Prefabs/Actual Gmae Prefabs/-----Upgrade 1-----.prefab using Guid(436d2b1acc0b6024798c0456346ff56b) Importer(815301076,1909f56bfc062723c751e8b465ee728b)  -> (artifact id: '1acd49d377fa7f5327d9366d25f5dafc') in 0.127175 seconds 
  Import took 0.220436 seconds .

========================================================================
Received Import Request.
  Time since last request: 2.443075 seconds.
  path: Assets/Prefabs/Actual Gmae Prefabs/-----Upgrade 1-----.prefab
  artifactKey: Guid(436d2b1acc0b6024798c0456346ff56b) Importer(815301076,1909f56bfc062723c751e8b465ee728b)
Start importing Assets/Prefabs/Actual Gmae Prefabs/-----Upgrade 1-----.prefab using Guid(436d2b1acc0b6024798c0456346ff56b) Importer(815301076,1909f56bfc062723c751e8b465ee728b)  -> (artifact id: 'd216aabfe8914c776358b5f2590c69f6') in 0.120853 seconds 
  Import took 0.181077 seconds .

========================================================================
Received Import Request.
  Time since last request: 24.498111 seconds.
  path: Assets/Prefabs/Actual Gmae Prefabs/-----Upgrade 1-----.prefab
  artifactKey: Guid(436d2b1acc0b6024798c0456346ff56b) Importer(815301076,1909f56bfc062723c751e8b465ee728b)
Start importing Assets/Prefabs/Actual Gmae Prefabs/-----Upgrade 1-----.prefab using Guid(436d2b1acc0b6024798c0456346ff56b) Importer(815301076,1909f56bfc062723c751e8b465ee728b)  -> (artifact id: '34b4be2650776235299c50efb8a886d2') in 0.306247 seconds 
  Import took 0.617975 seconds .

========================================================================
Received Import Request.
  Time since last request: 10.228718 seconds.
  path: Assets/Prefabs/Actual Gmae Prefabs/-----Upgrade 2-----.prefab
  artifactKey: Guid(dc060d183aef1094890b4b39323e4803) Importer(815301076,1909f56bfc062723c751e8b465ee728b)
Start importing Assets/Prefabs/Actual Gmae Prefabs/-----Upgrade 2-----.prefab using Guid(dc060d183aef1094890b4b39323e4803) Importer(815301076,1909f56bfc062723c751e8b465ee728b)  -> (artifact id: '016a15313470b972bb5211132870d2b3') in 0.102052 seconds 
  Import took 0.112799 seconds .

========================================================================
Received Import Request.
  Time since last request: 1.887981 seconds.
  path: Assets/Prefabs/Actual Gmae Prefabs/-----Upgrade 2-----.prefab
  artifactKey: Guid(dc060d183aef1094890b4b39323e4803) Importer(815301076,1909f56bfc062723c751e8b465ee728b)
Start importing Assets/Prefabs/Actual Gmae Prefabs/-----Upgrade 2-----.prefab using Guid(dc060d183aef1094890b4b39323e4803) Importer(815301076,1909f56bfc062723c751e8b465ee728b)  -> (artifact id: '5c1235e3de994af3e3769147b3b4ab5b') in 0.412693 seconds 
  Import took 0.454740 seconds .

========================================================================
Received Import Request.
  Time since last request: 3.257802 seconds.
  path: Assets/Prefabs/Actual Gmae Prefabs/-----Upgrade 2-----.prefab
  artifactKey: Guid(dc060d183aef1094890b4b39323e4803) Importer(815301076,1909f56bfc062723c751e8b465ee728b)
Start importing Assets/Prefabs/Actual Gmae Prefabs/-----Upgrade 2-----.prefab using Guid(dc060d183aef1094890b4b39323e4803) Importer(815301076,1909f56bfc062723c751e8b465ee728b)  -> (artifact id: '98d5855849038776de10d7cf3f706944') in 0.093276 seconds 
  Import took 0.123410 seconds .

========================================================================
Received Import Request.
  Time since last request: 2.753053 seconds.
  path: Assets/Prefabs/Actual Gmae Prefabs/-----Upgrade 2-----.prefab
  artifactKey: Guid(dc060d183aef1094890b4b39323e4803) Importer(815301076,1909f56bfc062723c751e8b465ee728b)
Start importing Assets/Prefabs/Actual Gmae Prefabs/-----Upgrade 2-----.prefab using Guid(dc060d183aef1094890b4b39323e4803) Importer(815301076,1909f56bfc062723c751e8b465ee728b)  -> (artifact id: '80777111a066d9d6ef37880b1a70ec73') in 0.161816 seconds 
  Import took 0.218135 seconds .

========================================================================
Received Import Request.
  Time since last request: 12.840478 seconds.
  path: Assets/Prefabs/Actual Gmae Prefabs/-----Upgrade 3-----.prefab
  artifactKey: Guid(1967348319a0dbe4db52ce01ab352c7e) Importer(815301076,1909f56bfc062723c751e8b465ee728b)
Start importing Assets/Prefabs/Actual Gmae Prefabs/-----Upgrade 3-----.prefab using Guid(1967348319a0dbe4db52ce01ab352c7e) Importer(815301076,1909f56bfc062723c751e8b465ee728b)  -> (artifact id: '492a4d7dd0a5ffc2e6a96c46fd0c1948') in 0.358904 seconds 
  Import took 0.381081 seconds .

========================================================================
Received Import Request.
  Time since last request: 15.511423 seconds.
  path: Assets/Prefabs/Actual Gmae Prefabs/-----Upgrade 3-----.prefab
  artifactKey: Guid(1967348319a0dbe4db52ce01ab352c7e) Importer(815301076,1909f56bfc062723c751e8b465ee728b)
Start importing Assets/Prefabs/Actual Gmae Prefabs/-----Upgrade 3-----.prefab using Guid(1967348319a0dbe4db52ce01ab352c7e) Importer(815301076,1909f56bfc062723c751e8b465ee728b)  -> (artifact id: '5e9505e97303e15ab52a94dae9c153de') in 0.301360 seconds 
  Import took 0.363457 seconds .

========================================================================
Received Import Request.
  Time since last request: 5.408105 seconds.
  path: Assets/Prefabs/Actual Gmae Prefabs/-----Upgrade 3-----.prefab
  artifactKey: Guid(1967348319a0dbe4db52ce01ab352c7e) Importer(815301076,1909f56bfc062723c751e8b465ee728b)
Start importing Assets/Prefabs/Actual Gmae Prefabs/-----Upgrade 3-----.prefab using Guid(1967348319a0dbe4db52ce01ab352c7e) Importer(815301076,1909f56bfc062723c751e8b465ee728b)  -> (artifact id: 'ece7d51beed888fb504689ddc5eb9957') in 0.118356 seconds 
  Import took 0.135243 seconds .

========================================================================
Received Import Request.
  Time since last request: 4.193879 seconds.
  path: Assets/Prefabs/Actual Gmae Prefabs/-----Upgrade 3-----.prefab
  artifactKey: Guid(1967348319a0dbe4db52ce01ab352c7e) Importer(815301076,1909f56bfc062723c751e8b465ee728b)
Start importing Assets/Prefabs/Actual Gmae Prefabs/-----Upgrade 3-----.prefab using Guid(1967348319a0dbe4db52ce01ab352c7e) Importer(815301076,1909f56bfc062723c751e8b465ee728b)  -> (artifact id: 'b5a8770cc97364850129a839d327dae5') in 0.095008 seconds 
  Import took 0.110339 seconds .

========================================================================
Received Import Request.
  Time since last request: 4.261391 seconds.
  path: Assets/Prefabs/Actual Gmae Prefabs/-----Upgrade 3-----.prefab
  artifactKey: Guid(1967348319a0dbe4db52ce01ab352c7e) Importer(815301076,1909f56bfc062723c751e8b465ee728b)
Start importing Assets/Prefabs/Actual Gmae Prefabs/-----Upgrade 3-----.prefab using Guid(1967348319a0dbe4db52ce01ab352c7e) Importer(815301076,1909f56bfc062723c751e8b465ee728b)  -> (artifact id: 'e2d4d92342fc231dd487e8bce2cb161c') in 0.142619 seconds 
  Import took 0.167317 seconds .

========================================================================
Received Prepare
Registering precompiled user dll's ...
Registered in 0.032533 seconds.
Begin MonoManager ReloadAssembly
Native extension for WindowsStandalone target not found
Refreshing native plugins compatible for Editor in 1.58 ms, found 2 plugins.
Preloading 0 native plugins for Editor in 0.00 ms.
Mono: successfully reloaded assembly
- Completed reload, in  8.054 seconds
Domain Reload Profiling:
	ReloadAssembly (8056ms)
		BeginReloadAssembly (634ms)
			ExecutionOrderSort (0ms)
			DisableScriptedObjects (21ms)
			BackupInstance (0ms)
			ReleaseScriptingObjects (0ms)
			CreateAndSetChildDomain (192ms)
		EndReloadAssembly (7136ms)
			LoadAssemblies (514ms)
			RebuildTransferFunctionScriptingTraits (0ms)
			SetupTypeCache (1432ms)
			ReleaseScriptCaches (3ms)
			RebuildScriptCaches (223ms)
			SetupLoadedEditorAssemblies (4202ms)
				LogAssemblyErrors (0ms)
				InitializePlatformSupportModulesInManaged (19ms)
				SetLoadedEditorAssemblies (2ms)
				RefreshPlugins (2ms)
				BeforeProcessingInitializeOnLoad (615ms)
				ProcessInitializeOnLoadAttributes (3374ms)
				ProcessInitializeOnLoadMethodAttributes (60ms)
				AfterProcessingInitializeOnLoad (128ms)
				EditorAssembliesLoaded (2ms)
			ExecutionOrderSort2 (0ms)
			AwakeInstancesAfterBackupRestoration (98ms)
Platform modules already initialized, skipping
Refreshing native plugins compatible for Editor in 1.54 ms, found 2 plugins.
Preloading 0 native plugins for Editor in 0.00 ms.
Unloading 2037 Unused Serialized files (Serialized files now loaded: 0)
System memory in use before: 111.2 MB.
System memory in use after: 111.3 MB.

Unloading 16 unused Assets to reduce memory usage. Loaded Objects now: 2510.
Total: 9.333100 ms (FindLiveObjects: 0.639900 ms CreateObjectMapping: 0.261100 ms MarkObjects: 8.362700 ms  DeleteObjects: 0.063600 ms)

AssetImportParameters requested are different than current active one (requested -> active):
  custom:framework-win-MediaFoundation: 216162199b28c13a410421893ffa2e32 -> 
  custom:video-decoder-ogg-theora: a1e56fd34408186e4bbccfd4996cb3dc -> 
  custom:container-muxer-webm: aa71ff27fc2769a1b78a27578f13a17b -> 
  custom:container-demuxer-webm: 4f35f7cbe854078d1ac9338744f61a02 -> 
  custom:container-demuxer-ogg: 62fdf1f143b41e24485cea50d1cbac27 -> 
  custom:video-encoder-webm-vp8: eb34c28f22e8b96e1ab97ce403110664 -> 
  custom:video-decoder-webm-vp8: 9c59270c3fd7afecdb556c50c9e8de78 -> 
  custom:audio-decoder-ogg-vorbis: bf7c407c2cedff20999df2af8eb42d56 -> 
  custom:audio-encoder-webm-vorbis: bf7c407c2cedff20999df2af8eb42d56 -> 
========================================================================
Received Import Request.
  Time since last request: 53.862843 seconds.
  path: Assets/Prefabs/Actual Gmae Prefabs/-----Player-----.prefab
  artifactKey: Guid(e3139d0828d3c7e4caa0b4c92e052c5d) Importer(815301076,1909f56bfc062723c751e8b465ee728b)
Start importing Assets/Prefabs/Actual Gmae Prefabs/-----Player-----.prefab using Guid(e3139d0828d3c7e4caa0b4c92e052c5d) Importer(815301076,1909f56bfc062723c751e8b465ee728b)  -> (artifact id: '018f73ac9c0654c5e71fb8cd2bc98c9e') in 0.388351 seconds 
  Import took 0.398784 seconds .

========================================================================
Received Import Request.
  Time since last request: 6.537940 seconds.
  path: Assets/Prefabs/Actual Gmae Prefabs/-----Upgrade 1-----.prefab
  artifactKey: Guid(436d2b1acc0b6024798c0456346ff56b) Importer(815301076,1909f56bfc062723c751e8b465ee728b)
Start importing Assets/Prefabs/Actual Gmae Prefabs/-----Upgrade 1-----.prefab using Guid(436d2b1acc0b6024798c0456346ff56b) Importer(815301076,1909f56bfc062723c751e8b465ee728b)  -> (artifact id: 'b34575485437cd5656a6110fc5b773b8') in 0.886886 seconds 
  Import took 0.988268 seconds .

========================================================================
Received Import Request.
  Time since last request: 3.850855 seconds.
  path: Assets/Prefabs/Actual Gmae Prefabs/-----Upgrade 1-----.prefab
  artifactKey: Guid(436d2b1acc0b6024798c0456346ff56b) Importer(815301076,1909f56bfc062723c751e8b465ee728b)
Start importing Assets/Prefabs/Actual Gmae Prefabs/-----Upgrade 1-----.prefab using Guid(436d2b1acc0b6024798c0456346ff56b) Importer(815301076,1909f56bfc062723c751e8b465ee728b)  -> (artifact id: 'db6924084054e768d120677ce8076343') in 0.290276 seconds 
  Import took 0.372865 seconds .

========================================================================
Received Import Request.
  Time since last request: 9.831891 seconds.
  path: Assets/Prefabs/Actual Gmae Prefabs/-----Upgrade 2-----.prefab
  artifactKey: Guid(dc060d183aef1094890b4b39323e4803) Importer(815301076,1909f56bfc062723c751e8b465ee728b)
Start importing Assets/Prefabs/Actual Gmae Prefabs/-----Upgrade 2-----.prefab using Guid(dc060d183aef1094890b4b39323e4803) Importer(815301076,1909f56bfc062723c751e8b465ee728b)  -> (artifact id: '87190f49ef3b5159215f2088c535577a') in 0.810076 seconds 
  Import took 0.931352 seconds .

========================================================================
Received Import Request.
  Time since last request: 2.330726 seconds.
  path: Assets/Prefabs/Actual Gmae Prefabs/-----Upgrade 2-----.prefab
  artifactKey: Guid(dc060d183aef1094890b4b39323e4803) Importer(815301076,1909f56bfc062723c751e8b465ee728b)
Start importing Assets/Prefabs/Actual Gmae Prefabs/-----Upgrade 2-----.prefab using Guid(dc060d183aef1094890b4b39323e4803) Importer(815301076,1909f56bfc062723c751e8b465ee728b)  -> (artifact id: '011a353f1ced755948fd5758b4829f55') in 0.808985 seconds 
  Import took 0.981860 seconds .

========================================================================
Received Import Request.
  Time since last request: 1.851705 seconds.
  path: Assets/Prefabs/Actual Gmae Prefabs/-----Upgrade 2-----.prefab
  artifactKey: Guid(dc060d183aef1094890b4b39323e4803) Importer(815301076,1909f56bfc062723c751e8b465ee728b)
Start importing Assets/Prefabs/Actual Gmae Prefabs/-----Upgrade 2-----.prefab using Guid(dc060d183aef1094890b4b39323e4803) Importer(815301076,1909f56bfc062723c751e8b465ee728b)  -> (artifact id: '95f4e970972be923745a6c88c3ef9805') in 0.119840 seconds 
  Import took 0.147408 seconds .

========================================================================
Received Import Request.
  Time since last request: 1.350085 seconds.
  path: Assets/Prefabs/Actual Gmae Prefabs/-----Upgrade 2-----.prefab
  artifactKey: Guid(dc060d183aef1094890b4b39323e4803) Importer(815301076,1909f56bfc062723c751e8b465ee728b)
Start importing Assets/Prefabs/Actual Gmae Prefabs/-----Upgrade 2-----.prefab using Guid(dc060d183aef1094890b4b39323e4803) Importer(815301076,1909f56bfc062723c751e8b465ee728b)  -> (artifact id: '010ea0d39d72d248c32ec245a072a906') in 0.096705 seconds 
  Import took 0.123886 seconds .

========================================================================
Received Import Request.
  Time since last request: 8.291708 seconds.
  path: Assets/Prefabs/Actual Gmae Prefabs/-----Upgrade 2-----.prefab
  artifactKey: Guid(dc060d183aef1094890b4b39323e4803) Importer(815301076,1909f56bfc062723c751e8b465ee728b)
Start importing Assets/Prefabs/Actual Gmae Prefabs/-----Upgrade 2-----.prefab using Guid(dc060d183aef1094890b4b39323e4803) Importer(815301076,1909f56bfc062723c751e8b465ee728b)  -> (artifact id: '025b8c2756e94072fe982eb93dffe010') in 0.161003 seconds 
  Import took 0.180315 seconds .

========================================================================
Received Import Request.
  Time since last request: 24.460299 seconds.
  path: Assets/Prefabs/Actual Gmae Prefabs/-----Upgrade 3-----.prefab
  artifactKey: Guid(1967348319a0dbe4db52ce01ab352c7e) Importer(815301076,1909f56bfc062723c751e8b465ee728b)
Start importing Assets/Prefabs/Actual Gmae Prefabs/-----Upgrade 3-----.prefab using Guid(1967348319a0dbe4db52ce01ab352c7e) Importer(815301076,1909f56bfc062723c751e8b465ee728b)  -> (artifact id: '8a36b1401e029b88e0451e04d312fac5') in 0.765895 seconds 
  Import took 0.809220 seconds .

========================================================================
Received Import Request.
  Time since last request: 1.349632 seconds.
  path: Assets/Prefabs/Actual Gmae Prefabs/-----Upgrade 3-----.prefab
  artifactKey: Guid(1967348319a0dbe4db52ce01ab352c7e) Importer(815301076,1909f56bfc062723c751e8b465ee728b)
Start importing Assets/Prefabs/Actual Gmae Prefabs/-----Upgrade 3-----.prefab using Guid(1967348319a0dbe4db52ce01ab352c7e) Importer(815301076,1909f56bfc062723c751e8b465ee728b)  -> (artifact id: 'e2323d036478b7c198c4890949424d85') in 0.709334 seconds 
  Import took 0.769992 seconds .

========================================================================
Received Import Request.
  Time since last request: 2.227364 seconds.
  path: Assets/Prefabs/Actual Gmae Prefabs/-----Upgrade 3-----.prefab
  artifactKey: Guid(1967348319a0dbe4db52ce01ab352c7e) Importer(815301076,1909f56bfc062723c751e8b465ee728b)
Start importing Assets/Prefabs/Actual Gmae Prefabs/-----Upgrade 3-----.prefab using Guid(1967348319a0dbe4db52ce01ab352c7e) Importer(815301076,1909f56bfc062723c751e8b465ee728b)  -> (artifact id: '84d532a3f4f0b7b9a21346dc226401c4') in 0.506806 seconds 
  Import took 0.630726 seconds .

========================================================================
Received Prepare
Registering precompiled user dll's ...
Registered in 0.030256 seconds.
Begin MonoManager ReloadAssembly
Native extension for WindowsStandalone target not found
Refreshing native plugins compatible for Editor in 2.05 ms, found 2 plugins.
Preloading 0 native plugins for Editor in 0.00 ms.
Mono: successfully reloaded assembly
- Completed reload, in 10.758 seconds
Domain Reload Profiling:
	ReloadAssembly (10760ms)
		BeginReloadAssembly (579ms)
			ExecutionOrderSort (0ms)
			DisableScriptedObjects (23ms)
			BackupInstance (0ms)
			ReleaseScriptingObjects (0ms)
			CreateAndSetChildDomain (126ms)
		EndReloadAssembly (9771ms)
			LoadAssemblies (564ms)
			RebuildTransferFunctionScriptingTraits (0ms)
			SetupTypeCache (1574ms)
			ReleaseScriptCaches (3ms)
			RebuildScriptCaches (210ms)
			SetupLoadedEditorAssemblies (7143ms)
				LogAssemblyErrors (0ms)
				InitializePlatformSupportModulesInManaged (56ms)
				SetLoadedEditorAssemblies (2ms)
				RefreshPlugins (2ms)
				BeforeProcessingInitializeOnLoad (1683ms)
				ProcessInitializeOnLoadAttributes (5309ms)
				ProcessInitializeOnLoadMethodAttributes (53ms)
				AfterProcessingInitializeOnLoad (39ms)
				EditorAssembliesLoaded (1ms)
			ExecutionOrderSort2 (0ms)
			AwakeInstancesAfterBackupRestoration (28ms)
Platform modules already initialized, skipping
Refreshing native plugins compatible for Editor in 2.03 ms, found 2 plugins.
Preloading 0 native plugins for Editor in 0.00 ms.
Unloading 2037 Unused Serialized files (Serialized files now loaded: 0)
System memory in use before: 111.2 MB.
System memory in use after: 111.3 MB.

Unloading 16 unused Assets to reduce memory usage. Loaded Objects now: 2513.
Total: 9.824300 ms (FindLiveObjects: 0.998300 ms CreateObjectMapping: 0.442000 ms MarkObjects: 8.317900 ms  DeleteObjects: 0.061000 ms)

AssetImportParameters requested are different than current active one (requested -> active):
  custom:framework-win-MediaFoundation: 216162199b28c13a410421893ffa2e32 -> 
  custom:video-decoder-ogg-theora: a1e56fd34408186e4bbccfd4996cb3dc -> 
  custom:container-muxer-webm: aa71ff27fc2769a1b78a27578f13a17b -> 
  custom:container-demuxer-webm: 4f35f7cbe854078d1ac9338744f61a02 -> 
  custom:container-demuxer-ogg: 62fdf1f143b41e24485cea50d1cbac27 -> 
  custom:video-encoder-webm-vp8: eb34c28f22e8b96e1ab97ce403110664 -> 
  custom:video-decoder-webm-vp8: 9c59270c3fd7afecdb556c50c9e8de78 -> 
  custom:audio-decoder-ogg-vorbis: bf7c407c2cedff20999df2af8eb42d56 -> 
  custom:audio-encoder-webm-vorbis: bf7c407c2cedff20999df2af8eb42d56 -> 
========================================================================
Received Import Request.
  Time since last request: 62.142033 seconds.
  path: Assets/Prefabs/Actual Gmae Prefabs/-----Player-----.prefab
  artifactKey: Guid(e3139d0828d3c7e4caa0b4c92e052c5d) Importer(815301076,1909f56bfc062723c751e8b465ee728b)
Start importing Assets/Prefabs/Actual Gmae Prefabs/-----Player-----.prefab using Guid(e3139d0828d3c7e4caa0b4c92e052c5d) Importer(815301076,1909f56bfc062723c751e8b465ee728b)  -> (artifact id: 'dac57c008b184c93cf43692680312d8b') in 0.314454 seconds 
  Import took 0.412482 seconds .

========================================================================
Received Import Request.
  Time since last request: 8.954594 seconds.
  path: Assets/Prefabs/Actual Gmae Prefabs/-----Upgrade 1-----.prefab
  artifactKey: Guid(436d2b1acc0b6024798c0456346ff56b) Importer(815301076,1909f56bfc062723c751e8b465ee728b)
Start importing Assets/Prefabs/Actual Gmae Prefabs/-----Upgrade 1-----.prefab using Guid(436d2b1acc0b6024798c0456346ff56b) Importer(815301076,1909f56bfc062723c751e8b465ee728b)  -> (artifact id: 'c7cf5525868f8e4214bd241ac7d647cc') in 0.222099 seconds 
  Import took 0.265007 seconds .

========================================================================
Received Import Request.
  Time since last request: 9.531563 seconds.
  path: Assets/Prefabs/Actual Gmae Prefabs/-----Upgrade 3-----.prefab
  artifactKey: Guid(1967348319a0dbe4db52ce01ab352c7e) Importer(815301076,1909f56bfc062723c751e8b465ee728b)
Start importing Assets/Prefabs/Actual Gmae Prefabs/-----Upgrade 3-----.prefab using Guid(1967348319a0dbe4db52ce01ab352c7e) Importer(815301076,1909f56bfc062723c751e8b465ee728b)  -> (artifact id: 'ec9a7f8f0f357d3911cb0da58c7d4e01') in 0.878914 seconds 
  Import took 0.890826 seconds .

========================================================================
Received Import Request.
  Time since last request: 3.455936 seconds.
  path: Assets/Prefabs/Actual Gmae Prefabs/-----Upgrade 3-----.prefab
  artifactKey: Guid(1967348319a0dbe4db52ce01ab352c7e) Importer(815301076,1909f56bfc062723c751e8b465ee728b)
Start importing Assets/Prefabs/Actual Gmae Prefabs/-----Upgrade 3-----.prefab using Guid(1967348319a0dbe4db52ce01ab352c7e) Importer(815301076,1909f56bfc062723c751e8b465ee728b)  -> (artifact id: '8cad1934196487f547adc8f6b6095847') in 1.009702 seconds 
  Import took 1.049113 seconds .

========================================================================
Received Import Request.
  Time since last request: 4.025126 seconds.
  path: Assets/Prefabs/Actual Gmae Prefabs/-----Upgrade 3-----.prefab
  artifactKey: Guid(1967348319a0dbe4db52ce01ab352c7e) Importer(815301076,1909f56bfc062723c751e8b465ee728b)
Start importing Assets/Prefabs/Actual Gmae Prefabs/-----Upgrade 3-----.prefab using Guid(1967348319a0dbe4db52ce01ab352c7e) Importer(815301076,1909f56bfc062723c751e8b465ee728b)  -> (artifact id: '64758050c109da41c5be3110451c8852') in 0.568210 seconds 
  Import took 0.873836 seconds .

========================================================================
Received Prepare
Registering precompiled user dll's ...
Registered in 0.036110 seconds.
Begin MonoManager ReloadAssembly
Native extension for WindowsStandalone target not found
Refreshing native plugins compatible for Editor in 2.23 ms, found 2 plugins.
Preloading 0 native plugins for Editor in 0.00 ms.
Mono: successfully reloaded assembly
- Completed reload, in 34.137 seconds
Domain Reload Profiling:
	ReloadAssembly (34140ms)
		BeginReloadAssembly (585ms)
			ExecutionOrderSort (0ms)
			DisableScriptedObjects (24ms)
			BackupInstance (0ms)
			ReleaseScriptingObjects (0ms)
			CreateAndSetChildDomain (137ms)
		EndReloadAssembly (32961ms)
			LoadAssemblies (606ms)
			RebuildTransferFunctionScriptingTraits (0ms)
			SetupTypeCache (7230ms)
			ReleaseScriptCaches (5ms)
			RebuildScriptCaches (9303ms)
			SetupLoadedEditorAssemblies (13055ms)
				LogAssemblyErrors (0ms)
				InitializePlatformSupportModulesInManaged (156ms)
				SetLoadedEditorAssemblies (20ms)
				RefreshPlugins (5ms)
				BeforeProcessingInitializeOnLoad (3247ms)
				ProcessInitializeOnLoadAttributes (9557ms)
				ProcessInitializeOnLoadMethodAttributes (38ms)
				AfterProcessingInitializeOnLoad (31ms)
				EditorAssembliesLoaded (1ms)
			ExecutionOrderSort2 (0ms)
			AwakeInstancesAfterBackupRestoration (28ms)
Platform modules already initialized, skipping
Refreshing native plugins compatible for Editor in 1.88 ms, found 2 plugins.
Preloading 0 native plugins for Editor in 0.00 ms.
Unloading 2037 Unused Serialized files (Serialized files now loaded: 0)
System memory in use before: 111.2 MB.
System memory in use after: 111.3 MB.

Unloading 16 unused Assets to reduce memory usage. Loaded Objects now: 2516.
Total: 34.644800 ms (FindLiveObjects: 0.668000 ms CreateObjectMapping: 0.279300 ms MarkObjects: 33.555900 ms  DeleteObjects: 0.092300 ms)

AssetImportParameters requested are different than current active one (requested -> active):
  custom:framework-win-MediaFoundation: 216162199b28c13a410421893ffa2e32 -> 
  custom:video-decoder-ogg-theora: a1e56fd34408186e4bbccfd4996cb3dc -> 
  custom:container-muxer-webm: aa71ff27fc2769a1b78a27578f13a17b -> 
  custom:container-demuxer-webm: 4f35f7cbe854078d1ac9338744f61a02 -> 
  custom:container-demuxer-ogg: 62fdf1f143b41e24485cea50d1cbac27 -> 
  custom:video-encoder-webm-vp8: eb34c28f22e8b96e1ab97ce403110664 -> 
  custom:video-decoder-webm-vp8: 9c59270c3fd7afecdb556c50c9e8de78 -> 
  custom:audio-decoder-ogg-vorbis: bf7c407c2cedff20999df2af8eb42d56 -> 
  custom:audio-encoder-webm-vorbis: bf7c407c2cedff20999df2af8eb42d56 -> 
========================================================================
Received Import Request.
  Time since last request: 83.846169 seconds.
  path: Assets/Prefabs/Actual Gmae Prefabs/-----Player-----.prefab
  artifactKey: Guid(e3139d0828d3c7e4caa0b4c92e052c5d) Importer(815301076,1909f56bfc062723c751e8b465ee728b)
Start importing Assets/Prefabs/Actual Gmae Prefabs/-----Player-----.prefab using Guid(e3139d0828d3c7e4caa0b4c92e052c5d) Importer(815301076,1909f56bfc062723c751e8b465ee728b)  -> (artifact id: 'ed165bd13161662f866b145d61fa381f') in 0.431489 seconds 
  Import took 0.449454 seconds .

========================================================================
Received Prepare
Registering precompiled user dll's ...
Registered in 0.027075 seconds.
Begin MonoManager ReloadAssembly
Native extension for WindowsStandalone target not found
Refreshing native plugins compatible for Editor in 1.79 ms, found 2 plugins.
Preloading 0 native plugins for Editor in 0.00 ms.
Mono: successfully reloaded assembly
- Completed reload, in  9.431 seconds
Domain Reload Profiling:
	ReloadAssembly (9433ms)
		BeginReloadAssembly (474ms)
			ExecutionOrderSort (0ms)
			DisableScriptedObjects (21ms)
			BackupInstance (0ms)
			ReleaseScriptingObjects (0ms)
			CreateAndSetChildDomain (104ms)
		EndReloadAssembly (8629ms)
			LoadAssemblies (507ms)
			RebuildTransferFunctionScriptingTraits (0ms)
			SetupTypeCache (2717ms)
			ReleaseScriptCaches (3ms)
			RebuildScriptCaches (435ms)
			SetupLoadedEditorAssemblies (4450ms)
				LogAssemblyErrors (0ms)
				InitializePlatformSupportModulesInManaged (20ms)
				SetLoadedEditorAssemblies (2ms)
				RefreshPlugins (2ms)
				BeforeProcessingInitializeOnLoad (1179ms)
				ProcessInitializeOnLoadAttributes (3173ms)
				ProcessInitializeOnLoadMethodAttributes (42ms)
				AfterProcessingInitializeOnLoad (32ms)
				EditorAssembliesLoaded (1ms)
			ExecutionOrderSort2 (0ms)
			AwakeInstancesAfterBackupRestoration (36ms)
Platform modules already initialized, skipping
Refreshing native plugins compatible for Editor in 1.51 ms, found 2 plugins.
Preloading 0 native plugins for Editor in 0.00 ms.
Unloading 2037 Unused Serialized files (Serialized files now loaded: 0)
System memory in use before: 111.2 MB.
System memory in use after: 111.3 MB.

Unloading 16 unused Assets to reduce memory usage. Loaded Objects now: 2519.
Total: 94.075500 ms (FindLiveObjects: 0.700300 ms CreateObjectMapping: 0.295200 ms MarkObjects: 93.010000 ms  DeleteObjects: 0.065100 ms)

AssetImportParameters requested are different than current active one (requested -> active):
  custom:framework-win-MediaFoundation: 216162199b28c13a410421893ffa2e32 -> 
  custom:video-decoder-ogg-theora: a1e56fd34408186e4bbccfd4996cb3dc -> 
  custom:container-muxer-webm: aa71ff27fc2769a1b78a27578f13a17b -> 
  custom:container-demuxer-webm: 4f35f7cbe854078d1ac9338744f61a02 -> 
  custom:container-demuxer-ogg: 62fdf1f143b41e24485cea50d1cbac27 -> 
  custom:video-encoder-webm-vp8: eb34c28f22e8b96e1ab97ce403110664 -> 
  custom:video-decoder-webm-vp8: 9c59270c3fd7afecdb556c50c9e8de78 -> 
  custom:audio-decoder-ogg-vorbis: bf7c407c2cedff20999df2af8eb42d56 -> 
  custom:audio-encoder-webm-vorbis: bf7c407c2cedff20999df2af8eb42d56 -> 
========================================================================
Received Import Request.
  Time since last request: 24.703441 seconds.
  path: Assets/Prefabs/Actual Gmae Prefabs/-----Upgrade 2-----.prefab
  artifactKey: Guid(dc060d183aef1094890b4b39323e4803) Importer(815301076,1909f56bfc062723c751e8b465ee728b)
Start importing Assets/Prefabs/Actual Gmae Prefabs/-----Upgrade 2-----.prefab using Guid(dc060d183aef1094890b4b39323e4803) Importer(815301076,1909f56bfc062723c751e8b465ee728b)  -> (artifact id: 'b5dc70f4d03abdf083b2681d456cbd40') in 0.898879 seconds 
  Import took 0.915375 seconds .

========================================================================
Received Import Request.
  Time since last request: 0.000953 seconds.
  path: Assets/Prefabs/Actual Gmae Prefabs/-----Upgrade 3-----.prefab
  artifactKey: Guid(1967348319a0dbe4db52ce01ab352c7e) Importer(815301076,1909f56bfc062723c751e8b465ee728b)
Start importing Assets/Prefabs/Actual Gmae Prefabs/-----Upgrade 3-----.prefab using Guid(1967348319a0dbe4db52ce01ab352c7e) Importer(815301076,1909f56bfc062723c751e8b465ee728b)  -> (artifact id: '822ffca2f851bdeb7922cbf42d90fc20') in 0.176270 seconds 
  Import took 0.187554 seconds .

========================================================================
Received Import Request.
  Time since last request: 0.059582 seconds.
  path: Assets/Prefabs/Actual Gmae Prefabs/-----Upgrade 1-----.prefab
  artifactKey: Guid(436d2b1acc0b6024798c0456346ff56b) Importer(815301076,1909f56bfc062723c751e8b465ee728b)
Start importing Assets/Prefabs/Actual Gmae Prefabs/-----Upgrade 1-----.prefab using Guid(436d2b1acc0b6024798c0456346ff56b) Importer(815301076,1909f56bfc062723c751e8b465ee728b)  -> (artifact id: '3dc138cd02b36a04d37535ed839f0a8c') in 0.166391 seconds 
  Import took 0.200422 seconds .

========================================================================
Received Prepare
Registering precompiled user dll's ...
Registered in 0.029584 seconds.
Begin MonoManager ReloadAssembly
Native extension for WindowsStandalone target not found
Refreshing native plugins compatible for Editor in 3.35 ms, found 2 plugins.
Preloading 0 native plugins for Editor in 0.00 ms.
Mono: successfully reloaded assembly
- Completed reload, in  9.106 seconds
Domain Reload Profiling:
	ReloadAssembly (9199ms)
		BeginReloadAssembly (697ms)
			ExecutionOrderSort (0ms)
			DisableScriptedObjects (44ms)
			BackupInstance (0ms)
			ReleaseScriptingObjects (0ms)
			CreateAndSetChildDomain (164ms)
		EndReloadAssembly (8115ms)
			LoadAssemblies (968ms)
			RebuildTransferFunctionScriptingTraits (0ms)
			SetupTypeCache (2345ms)
			ReleaseScriptCaches (3ms)
			RebuildScriptCaches (156ms)
			SetupLoadedEditorAssemblies (4200ms)
				LogAssemblyErrors (0ms)
				InitializePlatformSupportModulesInManaged (187ms)
				SetLoadedEditorAssemblies (2ms)
				RefreshPlugins (4ms)
				BeforeProcessingInitializeOnLoad (724ms)
				ProcessInitializeOnLoadAttributes (3114ms)
				ProcessInitializeOnLoadMethodAttributes (64ms)
				AfterProcessingInitializeOnLoad (104ms)
				EditorAssembliesLoaded (1ms)
			ExecutionOrderSort2 (0ms)
			AwakeInstancesAfterBackupRestoration (34ms)
Platform modules already initialized, skipping
Refreshing native plugins compatible for Editor in 1.76 ms, found 2 plugins.
Preloading 0 native plugins for Editor in 0.00 ms.
Unloading 2037 Unused Serialized files (Serialized files now loaded: 0)
System memory in use before: 111.2 MB.
System memory in use after: 111.4 MB.

Unloading 16 unused Assets to reduce memory usage. Loaded Objects now: 2522.
Total: 13.017800 ms (FindLiveObjects: 3.191800 ms CreateObjectMapping: 0.427500 ms MarkObjects: 9.328600 ms  DeleteObjects: 0.064900 ms)

AssetImportParameters requested are different than current active one (requested -> active):
  custom:framework-win-MediaFoundation: 216162199b28c13a410421893ffa2e32 -> 
  custom:video-decoder-ogg-theora: a1e56fd34408186e4bbccfd4996cb3dc -> 
  custom:container-muxer-webm: aa71ff27fc2769a1b78a27578f13a17b -> 
  custom:container-demuxer-webm: 4f35f7cbe854078d1ac9338744f61a02 -> 
  custom:container-demuxer-ogg: 62fdf1f143b41e24485cea50d1cbac27 -> 
  custom:video-encoder-webm-vp8: eb34c28f22e8b96e1ab97ce403110664 -> 
  custom:video-decoder-webm-vp8: 9c59270c3fd7afecdb556c50c9e8de78 -> 
  custom:audio-decoder-ogg-vorbis: bf7c407c2cedff20999df2af8eb42d56 -> 
  custom:audio-encoder-webm-vorbis: bf7c407c2cedff20999df2af8eb42d56 -> 
========================================================================
Received Import Request.
  Time since last request: 45.153883 seconds.
  path: Assets/Prefabs/Actual Gmae Prefabs/-----Upgrade 1-----.prefab
  artifactKey: Guid(436d2b1acc0b6024798c0456346ff56b) Importer(815301076,1909f56bfc062723c751e8b465ee728b)
Start importing Assets/Prefabs/Actual Gmae Prefabs/-----Upgrade 1-----.prefab using Guid(436d2b1acc0b6024798c0456346ff56b) Importer(815301076,1909f56bfc062723c751e8b465ee728b)  -> (artifact id: 'f58063ccca52db9b04d7b09524a88caa') in 0.863142 seconds 
  Import took 0.978647 seconds .

========================================================================
Received Import Request.
  Time since last request: 52.118949 seconds.
  path: Assets/Scenes/VanessaTestScene.unity
  artifactKey: Guid(07f71623f22686349b49585168224f2a) Importer(815301076,1909f56bfc062723c751e8b465ee728b)
Start importing Assets/Scenes/VanessaTestScene.unity using Guid(07f71623f22686349b49585168224f2a) Importer(815301076,1909f56bfc062723c751e8b465ee728b)  -> (artifact id: '8f342624fedc85a98fe04f9fdedd5547') in 0.043150 seconds 
  Import took 0.084612 seconds .

========================================================================
Received Prepare
Registering precompiled user dll's ...
Registered in 0.036094 seconds.
Begin MonoManager ReloadAssembly
Native extension for WindowsStandalone target not found
Refreshing native plugins compatible for Editor in 1.69 ms, found 2 plugins.
Preloading 0 native plugins for Editor in 0.00 ms.
Mono: successfully reloaded assembly
- Completed reload, in 21.843 seconds
Domain Reload Profiling:
	ReloadAssembly (21847ms)
		BeginReloadAssembly (7452ms)
			ExecutionOrderSort (0ms)
			DisableScriptedObjects (333ms)
			BackupInstance (0ms)
			ReleaseScriptingObjects (0ms)
			CreateAndSetChildDomain (329ms)
		EndReloadAssembly (12675ms)
			LoadAssemblies (7121ms)
			RebuildTransferFunctionScriptingTraits (0ms)
			SetupTypeCache (4196ms)
			ReleaseScriptCaches (3ms)
			RebuildScriptCaches (198ms)
			SetupLoadedEditorAssemblies (4243ms)
				LogAssemblyErrors (0ms)
				InitializePlatformSupportModulesInManaged (32ms)
				SetLoadedEditorAssemblies (2ms)
				RefreshPlugins (3ms)
				BeforeProcessingInitializeOnLoad (1394ms)
				ProcessInitializeOnLoadAttributes (2726ms)
				ProcessInitializeOnLoadMethodAttributes (40ms)
				AfterProcessingInitializeOnLoad (46ms)
				EditorAssembliesLoaded (1ms)
			ExecutionOrderSort2 (0ms)
			AwakeInstancesAfterBackupRestoration (49ms)
Platform modules already initialized, skipping
Refreshing native plugins compatible for Editor in 1.93 ms, found 2 plugins.
Preloading 0 native plugins for Editor in 0.00 ms.
Unloading 2037 Unused Serialized files (Serialized files now loaded: 0)
System memory in use before: 111.3 MB.
System memory in use after: 111.4 MB.

Unloading 16 unused Assets to reduce memory usage. Loaded Objects now: 2525.
Total: 21.317300 ms (FindLiveObjects: 0.687500 ms CreateObjectMapping: 0.268500 ms MarkObjects: 20.287500 ms  DeleteObjects: 0.068200 ms)

AssetImportParameters requested are different than current active one (requested -> active):
  custom:framework-win-MediaFoundation: 216162199b28c13a410421893ffa2e32 -> 
  custom:video-decoder-ogg-theora: a1e56fd34408186e4bbccfd4996cb3dc -> 
  custom:container-muxer-webm: aa71ff27fc2769a1b78a27578f13a17b -> 
  custom:container-demuxer-webm: 4f35f7cbe854078d1ac9338744f61a02 -> 
  custom:container-demuxer-ogg: 62fdf1f143b41e24485cea50d1cbac27 -> 
  custom:video-encoder-webm-vp8: eb34c28f22e8b96e1ab97ce403110664 -> 
  custom:video-decoder-webm-vp8: 9c59270c3fd7afecdb556c50c9e8de78 -> 
  custom:audio-decoder-ogg-vorbis: bf7c407c2cedff20999df2af8eb42d56 -> 
  custom:audio-encoder-webm-vorbis: bf7c407c2cedff20999df2af8eb42d56 -> 
========================================================================
Received Import Request.
  Time since last request: 103.521016 seconds.
  path: Assets/Prefabs/Actual Gmae Prefabs/-----Upgrade 2-----.prefab
  artifactKey: Guid(dc060d183aef1094890b4b39323e4803) Importer(815301076,1909f56bfc062723c751e8b465ee728b)
Start importing Assets/Prefabs/Actual Gmae Prefabs/-----Upgrade 2-----.prefab using Guid(dc060d183aef1094890b4b39323e4803) Importer(815301076,1909f56bfc062723c751e8b465ee728b)  -> (artifact id: '1ba20c45db0d57c4a176d6fc47dc0756') in 0.304401 seconds 
  Import took 0.388865 seconds .

========================================================================
Received Import Request.
  Time since last request: 1.196213 seconds.
  path: Assets/Prefabs/Actual Gmae Prefabs/-----Upgrade 2-----.prefab
  artifactKey: Guid(dc060d183aef1094890b4b39323e4803) Importer(815301076,1909f56bfc062723c751e8b465ee728b)
Start importing Assets/Prefabs/Actual Gmae Prefabs/-----Upgrade 2-----.prefab using Guid(dc060d183aef1094890b4b39323e4803) Importer(815301076,1909f56bfc062723c751e8b465ee728b)  -> (artifact id: '272176c5d59b7f6e5d9f64e59fb7fc1c') in 0.240584 seconds 
  Import took 0.332222 seconds .

========================================================================
Received Import Request.
  Time since last request: 4.447363 seconds.
  path: Assets/Prefabs/Actual Gmae Prefabs/-----Upgrade 2-----.prefab
  artifactKey: Guid(dc060d183aef1094890b4b39323e4803) Importer(815301076,1909f56bfc062723c751e8b465ee728b)
Start importing Assets/Prefabs/Actual Gmae Prefabs/-----Upgrade 2-----.prefab using Guid(dc060d183aef1094890b4b39323e4803) Importer(815301076,1909f56bfc062723c751e8b465ee728b)  -> (artifact id: '0ac52773d371fb64bc1370748121f123') in 0.291683 seconds 
  Import took 0.387873 seconds .

========================================================================
Received Import Request.
  Time since last request: 6.767769 seconds.
  path: Assets/Prefabs/Actual Gmae Prefabs/-----Upgrade 2-----.prefab
  artifactKey: Guid(dc060d183aef1094890b4b39323e4803) Importer(815301076,1909f56bfc062723c751e8b465ee728b)
Start importing Assets/Prefabs/Actual Gmae Prefabs/-----Upgrade 2-----.prefab using Guid(dc060d183aef1094890b4b39323e4803) Importer(815301076,1909f56bfc062723c751e8b465ee728b)  -> (artifact id: 'ab9b0b1cab23ef2b14a82ef652c00da6') in 0.122018 seconds 
  Import took 0.154517 seconds .

========================================================================
Received Import Request.
  Time since last request: 24.309436 seconds.
  path: Assets/Prefabs/Actual Gmae Prefabs/-----Upgrade 2-----.prefab
  artifactKey: Guid(dc060d183aef1094890b4b39323e4803) Importer(815301076,1909f56bfc062723c751e8b465ee728b)
Start importing Assets/Prefabs/Actual Gmae Prefabs/-----Upgrade 2-----.prefab using Guid(dc060d183aef1094890b4b39323e4803) Importer(815301076,1909f56bfc062723c751e8b465ee728b)  -> (artifact id: 'e244a09fac047a10e54b659e18029ad2') in 0.297201 seconds 
  Import took 0.332636 seconds .

========================================================================
Received Import Request.
  Time since last request: 26.785693 seconds.
  path: Assets/Prefabs/Actual Gmae Prefabs/-----Upgrade 2-----.prefab
  artifactKey: Guid(dc060d183aef1094890b4b39323e4803) Importer(815301076,1909f56bfc062723c751e8b465ee728b)
Start importing Assets/Prefabs/Actual Gmae Prefabs/-----Upgrade 2-----.prefab using Guid(dc060d183aef1094890b4b39323e4803) Importer(815301076,1909f56bfc062723c751e8b465ee728b)  -> (artifact id: 'cf5d2b0c12b74dd8672fcc57d032b0ea') in 0.215327 seconds 
  Import took 0.263407 seconds .

========================================================================
Received Import Request.
  Time since last request: 7.927776 seconds.
  path: Assets/Prefabs/Actual Gmae Prefabs/-----Upgrade 2-----.prefab
  artifactKey: Guid(dc060d183aef1094890b4b39323e4803) Importer(815301076,1909f56bfc062723c751e8b465ee728b)
Start importing Assets/Prefabs/Actual Gmae Prefabs/-----Upgrade 2-----.prefab using Guid(dc060d183aef1094890b4b39323e4803) Importer(815301076,1909f56bfc062723c751e8b465ee728b)  -> (artifact id: 'a73aa4292496e8c2702270d3c0a08de1') in 0.298995 seconds 
  Import took 0.410792 seconds .

========================================================================
Received Import Request.
  Time since last request: 6.313636 seconds.
  path: Assets/Prefabs/Actual Gmae Prefabs/-----Upgrade 2-----.prefab
  artifactKey: Guid(dc060d183aef1094890b4b39323e4803) Importer(815301076,1909f56bfc062723c751e8b465ee728b)
Start importing Assets/Prefabs/Actual Gmae Prefabs/-----Upgrade 2-----.prefab using Guid(dc060d183aef1094890b4b39323e4803) Importer(815301076,1909f56bfc062723c751e8b465ee728b)  -> (artifact id: 'b525504f54f056501a6966766d7361fe') in 0.113886 seconds 
  Import took 0.172277 seconds .

========================================================================
Received Import Request.
  Time since last request: 3.561912 seconds.
  path: Assets/Prefabs/Actual Gmae Prefabs/-----Upgrade 2-----.prefab
  artifactKey: Guid(dc060d183aef1094890b4b39323e4803) Importer(815301076,1909f56bfc062723c751e8b465ee728b)
Start importing Assets/Prefabs/Actual Gmae Prefabs/-----Upgrade 2-----.prefab using Guid(dc060d183aef1094890b4b39323e4803) Importer(815301076,1909f56bfc062723c751e8b465ee728b)  -> (artifact id: '6f0723c2a47701dce34e6fcbf0838a8b') in 0.138450 seconds 
  Import took 0.185277 seconds .

========================================================================
Received Import Request.
  Time since last request: 15.673815 seconds.
  path: Assets/Prefabs/Actual Gmae Prefabs/-----Upgrade 2-----.prefab
  artifactKey: Guid(dc060d183aef1094890b4b39323e4803) Importer(815301076,1909f56bfc062723c751e8b465ee728b)
Start importing Assets/Prefabs/Actual Gmae Prefabs/-----Upgrade 2-----.prefab using Guid(dc060d183aef1094890b4b39323e4803) Importer(815301076,1909f56bfc062723c751e8b465ee728b)  -> (artifact id: '9900374ed60d8b57050428bde680266d') in 0.256252 seconds 
  Import took 0.324031 seconds .

========================================================================
Received Import Request.
  Time since last request: 3.900887 seconds.
  path: Assets/Prefabs/Actual Gmae Prefabs/-----Upgrade 2-----.prefab
  artifactKey: Guid(dc060d183aef1094890b4b39323e4803) Importer(815301076,1909f56bfc062723c751e8b465ee728b)
Start importing Assets/Prefabs/Actual Gmae Prefabs/-----Upgrade 2-----.prefab using Guid(dc060d183aef1094890b4b39323e4803) Importer(815301076,1909f56bfc062723c751e8b465ee728b)  -> (artifact id: '3a7528282aa8415564c66a58b98c8467') in 0.315331 seconds 
  Import took 0.385244 seconds .

========================================================================
Received Import Request.
  Time since last request: 9.515749 seconds.
  path: Assets/Prefabs/Actual Gmae Prefabs/-----Upgrade 2-----.prefab
  artifactKey: Guid(dc060d183aef1094890b4b39323e4803) Importer(815301076,1909f56bfc062723c751e8b465ee728b)
Start importing Assets/Prefabs/Actual Gmae Prefabs/-----Upgrade 2-----.prefab using Guid(dc060d183aef1094890b4b39323e4803) Importer(815301076,1909f56bfc062723c751e8b465ee728b)  -> (artifact id: '9401843c61fd3d5844a2e40fa3dfc384') in 0.177731 seconds 
  Import took 0.267971 seconds .

========================================================================
Received Import Request.
  Time since last request: 43.495720 seconds.
  path: Assets/Prefabs/Actual Gmae Prefabs/-----Upgrade 2-----.prefab
  artifactKey: Guid(dc060d183aef1094890b4b39323e4803) Importer(815301076,1909f56bfc062723c751e8b465ee728b)
Start importing Assets/Prefabs/Actual Gmae Prefabs/-----Upgrade 2-----.prefab using Guid(dc060d183aef1094890b4b39323e4803) Importer(815301076,1909f56bfc062723c751e8b465ee728b)  -> (artifact id: '54ee3ce091980d7b9b6910d49b99a6ba') in 1.889524 seconds 
  Import took 1.946015 seconds .

========================================================================
Received Import Request.
  Time since last request: 8.747350 seconds.
  path: Assets/Prefabs/Actual Gmae Prefabs/-----Upgrade 2-----.prefab
  artifactKey: Guid(dc060d183aef1094890b4b39323e4803) Importer(815301076,1909f56bfc062723c751e8b465ee728b)
Start importing Assets/Prefabs/Actual Gmae Prefabs/-----Upgrade 2-----.prefab using Guid(dc060d183aef1094890b4b39323e4803) Importer(815301076,1909f56bfc062723c751e8b465ee728b)  -> (artifact id: 'adbd086da35876fd80230501505a25c0') in 4.307675 seconds 
  Import took 5.011253 seconds .

========================================================================
Received Import Request.
  Time since last request: 0.175697 seconds.
  path: Assets/Prefabs/Actual Gmae Prefabs/-----Upgrade 2-----.prefab
  artifactKey: Guid(dc060d183aef1094890b4b39323e4803) Importer(815301076,1909f56bfc062723c751e8b465ee728b)
Start importing Assets/Prefabs/Actual Gmae Prefabs/-----Upgrade 2-----.prefab using Guid(dc060d183aef1094890b4b39323e4803) Importer(815301076,1909f56bfc062723c751e8b465ee728b)  -> (artifact id: 'b4e1d885e29ee9aafd0cfc805e1ae9bb') in 0.429910 seconds 
  Import took 1.157134 seconds .

========================================================================
Received Import Request.
  Time since last request: 8.768695 seconds.
  path: Assets/Scenes/SampleScene.unity
  artifactKey: Guid(9fc0d4010bbf28b4594072e72b8655ab) Importer(815301076,1909f56bfc062723c751e8b465ee728b)
Start importing Assets/Scenes/SampleScene.unity using Guid(9fc0d4010bbf28b4594072e72b8655ab) Importer(815301076,1909f56bfc062723c751e8b465ee728b)  -> (artifact id: 'f8ccb46de6c0dd65a177d6afe7298ca5') in 0.038338 seconds 
  Import took 0.085384 seconds .

========================================================================
Received Prepare
Registering precompiled user dll's ...
Registered in 0.025682 seconds.
Begin MonoManager ReloadAssembly
Native extension for WindowsStandalone target not found
Refreshing native plugins compatible for Editor in 1.59 ms, found 2 plugins.
Preloading 0 native plugins for Editor in 0.00 ms.
Mono: successfully reloaded assembly
- Completed reload, in 12.100 seconds
Domain Reload Profiling:
	ReloadAssembly (12102ms)
		BeginReloadAssembly (1778ms)
			ExecutionOrderSort (1ms)
			DisableScriptedObjects (46ms)
			BackupInstance (0ms)
			ReleaseScriptingObjects (0ms)
			CreateAndSetChildDomain (337ms)
		EndReloadAssembly (9977ms)
			LoadAssemblies (1131ms)
			RebuildTransferFunctionScriptingTraits (0ms)
			SetupTypeCache (4016ms)
			ReleaseScriptCaches (3ms)
			RebuildScriptCaches (1409ms)
			SetupLoadedEditorAssemblies (3027ms)
				LogAssemblyErrors (0ms)
				InitializePlatformSupportModulesInManaged (18ms)
				SetLoadedEditorAssemblies (2ms)
				RefreshPlugins (2ms)
				BeforeProcessingInitializeOnLoad (392ms)
				ProcessInitializeOnLoadAttributes (2520ms)
				ProcessInitializeOnLoadMethodAttributes (55ms)
				AfterProcessingInitializeOnLoad (36ms)
				EditorAssembliesLoaded (1ms)
			ExecutionOrderSort2 (0ms)
			AwakeInstancesAfterBackupRestoration (35ms)
Platform modules already initialized, skipping
Refreshing native plugins compatible for Editor in 2.75 ms, found 2 plugins.
Preloading 0 native plugins for Editor in 0.00 ms.
Unloading 2037 Unused Serialized files (Serialized files now loaded: 0)
System memory in use before: 111.3 MB.
System memory in use after: 111.4 MB.

Unloading 16 unused Assets to reduce memory usage. Loaded Objects now: 2528.
Total: 9.768000 ms (FindLiveObjects: 0.661100 ms CreateObjectMapping: 0.262500 ms MarkObjects: 8.775000 ms  DeleteObjects: 0.064300 ms)

AssetImportParameters requested are different than current active one (requested -> active):
  custom:framework-win-MediaFoundation: 216162199b28c13a410421893ffa2e32 -> 
  custom:video-decoder-ogg-theora: a1e56fd34408186e4bbccfd4996cb3dc -> 
  custom:container-muxer-webm: aa71ff27fc2769a1b78a27578f13a17b -> 
  custom:container-demuxer-webm: 4f35f7cbe854078d1ac9338744f61a02 -> 
  custom:container-demuxer-ogg: 62fdf1f143b41e24485cea50d1cbac27 -> 
  custom:video-encoder-webm-vp8: eb34c28f22e8b96e1ab97ce403110664 -> 
  custom:video-decoder-webm-vp8: 9c59270c3fd7afecdb556c50c9e8de78 -> 
  custom:audio-decoder-ogg-vorbis: bf7c407c2cedff20999df2af8eb42d56 -> 
  custom:audio-encoder-webm-vorbis: bf7c407c2cedff20999df2af8eb42d56 -> 
========================================================================
Received Import Request.
  Time since last request: 102.582206 seconds.
  path: Assets/Prefabs/Actual Gmae Prefabs/-----Upgrade 1-----.prefab
  artifactKey: Guid(436d2b1acc0b6024798c0456346ff56b) Importer(815301076,1909f56bfc062723c751e8b465ee728b)
Start importing Assets/Prefabs/Actual Gmae Prefabs/-----Upgrade 1-----.prefab using Guid(436d2b1acc0b6024798c0456346ff56b) Importer(815301076,1909f56bfc062723c751e8b465ee728b)  -> (artifact id: '2a35c0439dc3087f04072dc6942f21ca') in 0.390030 seconds 
  Import took 0.447846 seconds .

========================================================================
Received Prepare
Registering precompiled user dll's ...
Registered in 0.023172 seconds.
Begin MonoManager ReloadAssembly
Native extension for WindowsStandalone target not found
Refreshing native plugins compatible for Editor in 1.56 ms, found 2 plugins.
Preloading 0 native plugins for Editor in 0.00 ms.
Mono: successfully reloaded assembly
- Completed reload, in  4.986 seconds
Domain Reload Profiling:
	ReloadAssembly (4989ms)
		BeginReloadAssembly (474ms)
			ExecutionOrderSort (0ms)
			DisableScriptedObjects (26ms)
			BackupInstance (0ms)
			ReleaseScriptingObjects (0ms)
			CreateAndSetChildDomain (107ms)
		EndReloadAssembly (3983ms)
			LoadAssemblies (525ms)
			RebuildTransferFunctionScriptingTraits (0ms)
			SetupTypeCache (1128ms)
			ReleaseScriptCaches (3ms)
			RebuildScriptCaches (176ms)
			SetupLoadedEditorAssemblies (1832ms)
				LogAssemblyErrors (0ms)
				InitializePlatformSupportModulesInManaged (20ms)
				SetLoadedEditorAssemblies (2ms)
				RefreshPlugins (2ms)
				BeforeProcessingInitializeOnLoad (320ms)
				ProcessInitializeOnLoadAttributes (1419ms)
				ProcessInitializeOnLoadMethodAttributes (35ms)
				AfterProcessingInitializeOnLoad (33ms)
				EditorAssembliesLoaded (1ms)
			ExecutionOrderSort2 (0ms)
			AwakeInstancesAfterBackupRestoration (25ms)
Platform modules already initialized, skipping
Refreshing native plugins compatible for Editor in 1.71 ms, found 2 plugins.
Preloading 0 native plugins for Editor in 0.00 ms.
Unloading 2037 Unused Serialized files (Serialized files now loaded: 0)
System memory in use before: 111.3 MB.
System memory in use after: 111.4 MB.

Unloading 16 unused Assets to reduce memory usage. Loaded Objects now: 2531.
Total: 11.295300 ms (FindLiveObjects: 0.718600 ms CreateObjectMapping: 1.166900 ms MarkObjects: 9.063800 ms  DeleteObjects: 0.340700 ms)

AssetImportParameters requested are different than current active one (requested -> active):
  custom:framework-win-MediaFoundation: 216162199b28c13a410421893ffa2e32 -> 
  custom:video-decoder-ogg-theora: a1e56fd34408186e4bbccfd4996cb3dc -> 
  custom:container-muxer-webm: aa71ff27fc2769a1b78a27578f13a17b -> 
  custom:container-demuxer-webm: 4f35f7cbe854078d1ac9338744f61a02 -> 
  custom:container-demuxer-ogg: 62fdf1f143b41e24485cea50d1cbac27 -> 
  custom:video-encoder-webm-vp8: eb34c28f22e8b96e1ab97ce403110664 -> 
  custom:video-decoder-webm-vp8: 9c59270c3fd7afecdb556c50c9e8de78 -> 
  custom:audio-decoder-ogg-vorbis: bf7c407c2cedff20999df2af8eb42d56 -> 
  custom:audio-encoder-webm-vorbis: bf7c407c2cedff20999df2af8eb42d56 -> 
AssetImportWorkerClient::OnTransportError - code=2 error=End of file
