Using pre-set license
Built from '2020.3/release' branch; Version is '2020.3.27f1 (e759542391ea) revision 15161684'; Using compiler version '192528614'; Build Type 'Release'
OS: 'Windows 10  (10.0.19044) 64bit Core' Language: 'en' Physical Memory: 3959 MB
BatchMode: 1, IsHumanControllingUs: 0, StartBugReporterOnCrash: 0, Is64bit: 1, IsPro: 0

COMMAND LINE ARGUMENTS:
C:\Program Files\Unity\Hub\Editor\2020.3.27f1\Editor\Unity.exe
-adb2
-batchMode
-noUpm
-name
AssetImportWorker2
-projectPath
C:/Users/rona/Documents/GitHub/GalactiCarp/GMNG4312_GalactiCarp_Pisces2122
-logFile
Logs/AssetImportWorker2.log
-srvPort
60694
Successfully changed project path to: C:/Users/rona/Documents/GitHub/GalactiCarp/GMNG4312_GalactiCarp_Pisces2122
C:/Users/rona/Documents/GitHub/GalactiCarp/GMNG4312_GalactiCarp_Pisces2122
Using Asset Import Pipeline V2.
Refreshing native plugins compatible for Editor in 165.83 ms, found 2 plugins.
Preloading 0 native plugins for Editor in 0.00 ms.
Initialize engine version: 2020.3.27f1 (e759542391ea)
[Subsystems] Discovering subsystems at path C:/Program Files/Unity/Hub/Editor/2020.3.27f1/Editor/Data/Resources/UnitySubsystems
[Subsystems] Discovering subsystems at path C:/Users/rona/Documents/GitHub/GalactiCarp/GMNG4312_GalactiCarp_Pisces2122/Assets
GfxDevice: creating device client; threaded=0
Direct3D:
    Version:  Direct3D 11.0 [level 11.1]
    Renderer: Intel(R) HD Graphics 500 (ID=0x5a85)
    Vendor:   
    VRAM:     1979 MB
    Driver:   27.20.100.8682
Initialize mono
Mono path[0] = 'C:/Program Files/Unity/Hub/Editor/2020.3.27f1/Editor/Data/Managed'
Mono path[1] = 'C:/Program Files/Unity/Hub/Editor/2020.3.27f1/Editor/Data/MonoBleedingEdge/lib/mono/unityjit'
Mono config path = 'C:/Program Files/Unity/Hub/Editor/2020.3.27f1/Editor/Data/MonoBleedingEdge/etc'
Using monoOptions --debugger-agent=transport=dt_socket,embedding=1,server=y,suspend=n,address=127.0.0.1:56884
Begin MonoManager ReloadAssembly
Registering precompiled unity dll's ...
Register platform support module: C:/Program Files/Unity/Hub/Editor/2020.3.27f1/Editor/Data/PlaybackEngines/WindowsStandaloneSupport/UnityEditor.WindowsStandalone.Extensions.dll
Registered in 0.009023 seconds.
Native extension for WindowsStandalone target not found
Refreshing native plugins compatible for Editor in 145.85 ms, found 2 plugins.
Preloading 0 native plugins for Editor in 0.00 ms.
Mono: successfully reloaded assembly
- Completed reload, in  2.676 seconds
Domain Reload Profiling:
	ReloadAssembly (2678ms)
		BeginReloadAssembly (298ms)
			ExecutionOrderSort (0ms)
			DisableScriptedObjects (0ms)
			BackupInstance (0ms)
			ReleaseScriptingObjects (0ms)
			CreateAndSetChildDomain (3ms)
		EndReloadAssembly (2093ms)
			LoadAssemblies (286ms)
			RebuildTransferFunctionScriptingTraits (0ms)
			SetupTypeCache (701ms)
			ReleaseScriptCaches (0ms)
			RebuildScriptCaches (120ms)
			SetupLoadedEditorAssemblies (834ms)
				LogAssemblyErrors (0ms)
				InitializePlatformSupportModulesInManaged (17ms)
				SetLoadedEditorAssemblies (1ms)
				RefreshPlugins (146ms)
				BeforeProcessingInitializeOnLoad (63ms)
				ProcessInitializeOnLoadAttributes (328ms)
				ProcessInitializeOnLoadMethodAttributes (270ms)
				AfterProcessingInitializeOnLoad (0ms)
				EditorAssembliesLoaded (8ms)
			ExecutionOrderSort2 (0ms)
			AwakeInstancesAfterBackupRestoration (0ms)
Platform modules already initialized, skipping
Registering precompiled user dll's ...
Registered in 0.091331 seconds.
Begin MonoManager ReloadAssembly
Native extension for WindowsStandalone target not found
Refreshing native plugins compatible for Editor in 1.56 ms, found 2 plugins.
Preloading 0 native plugins for Editor in 0.00 ms.
Mono: successfully reloaded assembly
- Completed reload, in 12.420 seconds
Domain Reload Profiling:
	ReloadAssembly (12428ms)
		BeginReloadAssembly (1065ms)
			ExecutionOrderSort (0ms)
			DisableScriptedObjects (56ms)
			BackupInstance (0ms)
			ReleaseScriptingObjects (0ms)
			CreateAndSetChildDomain (128ms)
		EndReloadAssembly (11073ms)
			LoadAssemblies (1947ms)
			RebuildTransferFunctionScriptingTraits (0ms)
			SetupTypeCache (1421ms)
			ReleaseScriptCaches (1ms)
			RebuildScriptCaches (223ms)
			SetupLoadedEditorAssemblies (7171ms)
				LogAssemblyErrors (0ms)
				InitializePlatformSupportModulesInManaged (19ms)
				SetLoadedEditorAssemblies (2ms)
				RefreshPlugins (2ms)
				BeforeProcessingInitializeOnLoad (431ms)
				ProcessInitializeOnLoadAttributes (6583ms)
				ProcessInitializeOnLoadMethodAttributes (96ms)
				AfterProcessingInitializeOnLoad (37ms)
				EditorAssembliesLoaded (1ms)
			ExecutionOrderSort2 (0ms)
			AwakeInstancesAfterBackupRestoration (36ms)
Platform modules already initialized, skipping
========================================================================
Worker process is ready to serve import requests
Launched and connected shader compiler UnityShaderCompiler.exe after 0.58 seconds
Refreshing native plugins compatible for Editor in 3.69 ms, found 2 plugins.
Preloading 0 native plugins for Editor in 0.00 ms.
Unloading 2060 Unused Serialized files (Serialized files now loaded: 0)
System memory in use before: 95.9 MB.
System memory in use after: 96.0 MB.

Unloading 21 unused Assets to reduce memory usage. Loaded Objects now: 2497.
Total: 38.132100 ms (FindLiveObjects: 1.842500 ms CreateObjectMapping: 2.145800 ms MarkObjects: 33.909900 ms  DeleteObjects: 0.227800 ms)

AssetImportParameters requested are different than current active one (requested -> active):
  custom:framework-win-MediaFoundation: 216162199b28c13a410421893ffa2e32 -> 
  custom:video-decoder-ogg-theora: a1e56fd34408186e4bbccfd4996cb3dc -> 
  custom:container-muxer-webm: aa71ff27fc2769a1b78a27578f13a17b -> 
  custom:container-demuxer-webm: 4f35f7cbe854078d1ac9338744f61a02 -> 
  custom:container-demuxer-ogg: 62fdf1f143b41e24485cea50d1cbac27 -> 
  custom:video-encoder-webm-vp8: eb34c28f22e8b96e1ab97ce403110664 -> 
  custom:video-decoder-webm-vp8: 9c59270c3fd7afecdb556c50c9e8de78 -> 
  custom:audio-decoder-ogg-vorbis: bf7c407c2cedff20999df2af8eb42d56 -> 
  custom:audio-encoder-webm-vorbis: bf7c407c2cedff20999df2af8eb42d56 -> 
========================================================================
Received Import Request.
  path: Assets/Prefabs/-----Upgrade 4-----.prefab
  artifactKey: Guid(97e0085b72d9c374e916decb7d45f979) Importer(815301076,1909f56bfc062723c751e8b465ee728b)
Start importing Assets/Prefabs/-----Upgrade 4-----.prefab using Guid(97e0085b72d9c374e916decb7d45f979) Importer(815301076,1909f56bfc062723c751e8b465ee728b)  -> (artifact id: 'a82080397642c47e59eb727ca058370d') in 2.237159 seconds 
  Import took 2.333465 seconds .

========================================================================
Received Import Request.
  Time since last request: 0.000770 seconds.
  path: Assets/Prefabs/Pisces Gate.prefab
  artifactKey: Guid(ea454f2b448af5f4a8d38ad5f9d24a50) Importer(815301076,1909f56bfc062723c751e8b465ee728b)
Start importing Assets/Prefabs/Pisces Gate.prefab using Guid(ea454f2b448af5f4a8d38ad5f9d24a50) Importer(815301076,1909f56bfc062723c751e8b465ee728b)  -> (artifact id: 'e73f7b9bd97f328064192d06ed09be1b') in 0.603113 seconds 
  Import took 0.640377 seconds .

========================================================================
Received Import Request.
  Time since last request: 18.999512 seconds.
  path: Assets/Models/Pisces Bug Flier.fbx
  artifactKey: Guid(8f5211bb3c3dfe5438b2d593d19a90b1) Importer(815301076,1909f56bfc062723c751e8b465ee728b)
Start importing Assets/Models/Pisces Bug Flier.fbx using Guid(8f5211bb3c3dfe5438b2d593d19a90b1) Importer(815301076,1909f56bfc062723c751e8b465ee728b)  -> (artifact id: 'c260eefecc3464e279a4a7691e9498c6') in 2.884451 seconds 
  Import took 3.080946 seconds .

========================================================================
Received Import Request.
  Time since last request: 0.000938 seconds.
  path: Assets/Models/Pisces Carper Mechsuit_5.fbx
  artifactKey: Guid(39d5ad5ac932d104d98b117db6112285) Importer(815301076,1909f56bfc062723c751e8b465ee728b)
Start importing Assets/Models/Pisces Carper Mechsuit_5.fbx using Guid(39d5ad5ac932d104d98b117db6112285) Importer(815301076,1909f56bfc062723c751e8b465ee728b)  -> (artifact id: '4a86ab5b6e4c5ae6b0f3865f16068aaa') in 0.679184 seconds 
  Import took 0.725109 seconds .

========================================================================
Received Import Request.
  Time since last request: 0.000739 seconds.
  path: Assets/Models/Pisces Electric Fence.fbx
  artifactKey: Guid(e301d75b66f9ab7449e7a792069ad051) Importer(815301076,1909f56bfc062723c751e8b465ee728b)
Start importing Assets/Models/Pisces Electric Fence.fbx using Guid(e301d75b66f9ab7449e7a792069ad051) Importer(815301076,1909f56bfc062723c751e8b465ee728b)  -> (artifact id: '1adff73a04235bd23698adfbd4f37415') in 0.235778 seconds 
  Import took 0.350293 seconds .

========================================================================
Received Import Request.
  Time since last request: 0.000883 seconds.
  path: Assets/Models/Pisces Gate.fbx
  artifactKey: Guid(91f31071173d4d047a9b5caa5640e06d) Importer(815301076,1909f56bfc062723c751e8b465ee728b)
Start importing Assets/Models/Pisces Gate.fbx using Guid(91f31071173d4d047a9b5caa5640e06d) Importer(815301076,1909f56bfc062723c751e8b465ee728b)  -> (artifact id: 'da9a1b04bff4f2c08ce8951953957ed2') in 0.348511 seconds 
  Import took 0.386465 seconds .

========================================================================
Received Import Request.
  Time since last request: 0.000735 seconds.
  path: Assets/Models/Pisces Bug Queen.fbx
  artifactKey: Guid(9fcc272e02743b741b3cb83d1e5545a2) Importer(815301076,1909f56bfc062723c751e8b465ee728b)
Start importing Assets/Models/Pisces Bug Queen.fbx using Guid(9fcc272e02743b741b3cb83d1e5545a2) Importer(815301076,1909f56bfc062723c751e8b465ee728b)  -> (artifact id: '5cefc9062bd5e1d5cc5e3296418c5d8c') in 0.714979 seconds 
  Import took 0.754425 seconds .

========================================================================
Received Import Request.
  Time since last request: 8.174145 seconds.
  path: Assets/Materials/CarpGlass.mat
  artifactKey: Guid(f369222bd246c84479ade968c73d0150) Importer(815301076,1909f56bfc062723c751e8b465ee728b)
Start importing Assets/Materials/CarpGlass.mat using Guid(f369222bd246c84479ade968c73d0150) Importer(815301076,1909f56bfc062723c751e8b465ee728b)  -> (artifact id: 'e467fc5ff5d17225aca8327905492ad1') in 0.570014 seconds 
  Import took 0.595269 seconds .

========================================================================
Received Import Request.
  Time since last request: 0.001018 seconds.
  path: Assets/Materials/S4_1.mat
  artifactKey: Guid(947d123ba33b1ff4a96493c30662d519) Importer(815301076,1909f56bfc062723c751e8b465ee728b)
Start importing Assets/Materials/S4_1.mat using Guid(947d123ba33b1ff4a96493c30662d519) Importer(815301076,1909f56bfc062723c751e8b465ee728b)  -> (artifact id: '25504d1bea8dfa836a2ba0e9bebec732') in 0.076604 seconds 
  Import took 0.114622 seconds .

========================================================================
Received Import Request.
  Time since last request: 0.000975 seconds.
  path: Assets/Materials/S5_2.mat
  artifactKey: Guid(47b3ddd178077f44ea38760b21b3015d) Importer(815301076,1909f56bfc062723c751e8b465ee728b)
Start importing Assets/Materials/S5_2.mat using Guid(47b3ddd178077f44ea38760b21b3015d) Importer(815301076,1909f56bfc062723c751e8b465ee728b)  -> (artifact id: 'f0fdd5cf6afe3ad6f909103ce7a7f216') in 0.107465 seconds 
  Import took 0.128899 seconds .

========================================================================
Received Import Request.
  Time since last request: 0.000742 seconds.
  path: Assets/Materials/S5_1.mat
  artifactKey: Guid(9bfdc3a89cd3c3e48a35206f83386573) Importer(815301076,1909f56bfc062723c751e8b465ee728b)
Start importing Assets/Materials/S5_1.mat using Guid(9bfdc3a89cd3c3e48a35206f83386573) Importer(815301076,1909f56bfc062723c751e8b465ee728b)  -> (artifact id: '8ed10ac262ff5313c8415308862e9eae') in 0.081255 seconds 
  Import took 0.102501 seconds .

========================================================================
Received Import Request.
  Time since last request: 0.001145 seconds.
  path: Assets/Materials/S4_2.mat
  artifactKey: Guid(5d451f61f1067e24ead9b2793f9bda40) Importer(815301076,1909f56bfc062723c751e8b465ee728b)
Start importing Assets/Materials/S4_2.mat using Guid(5d451f61f1067e24ead9b2793f9bda40) Importer(815301076,1909f56bfc062723c751e8b465ee728b)  -> (artifact id: 'dec53e2bdcf4408c9de4066a36d85278') in 0.157495 seconds 
  Import took 0.220795 seconds .

========================================================================
Received Import Request.
  Time since last request: 1.123661 seconds.
  path: Assets/Art/MainMenuButton.png
  artifactKey: Guid(14ca974ff61d2134a9007b65563012cc) Importer(815301076,1909f56bfc062723c751e8b465ee728b)
Start importing Assets/Art/MainMenuButton.png using Guid(14ca974ff61d2134a9007b65563012cc) Importer(815301076,1909f56bfc062723c751e8b465ee728b)  -> (artifact id: '3547a198081185d1c0a85ca82e48855f') in 0.723248 seconds 
  Import took 0.754230 seconds .

========================================================================
Received Import Request.
  Time since last request: 0.000758 seconds.
  path: Assets/Art/Paused.png
  artifactKey: Guid(72b4184be2f76a7489d5ae5bc97a2a45) Importer(815301076,1909f56bfc062723c751e8b465ee728b)
Start importing Assets/Art/Paused.png using Guid(72b4184be2f76a7489d5ae5bc97a2a45) Importer(815301076,1909f56bfc062723c751e8b465ee728b)  -> (artifact id: 'ac9d0f7ae77da7da4ea6e765d45f6153') in 0.192229 seconds 
  Import took 0.228008 seconds .

========================================================================
Received Import Request.
  Time since last request: 0.000680 seconds.
  path: Assets/Art/ResumeButtonGlow.png
  artifactKey: Guid(8a8c174b366640540b3c4e94caa90e28) Importer(815301076,1909f56bfc062723c751e8b465ee728b)
Start importing Assets/Art/ResumeButtonGlow.png using Guid(8a8c174b366640540b3c4e94caa90e28) Importer(815301076,1909f56bfc062723c751e8b465ee728b)  -> (artifact id: '9cfecee35aa72f210c56180345f144d4') in 0.098047 seconds 
  Import took 0.187604 seconds .

========================================================================
Received Import Request.
  Time since last request: 0.000710 seconds.
  path: Assets/Art/MainMenuButtonGlow.png
  artifactKey: Guid(c25e870632a258b4a8f2b3e13e710f6b) Importer(815301076,1909f56bfc062723c751e8b465ee728b)
Start importing Assets/Art/MainMenuButtonGlow.png using Guid(c25e870632a258b4a8f2b3e13e710f6b) Importer(815301076,1909f56bfc062723c751e8b465ee728b)  -> (artifact id: 'f0162871549de403e956c8509de02b41') in 0.136391 seconds 
  Import took 0.179157 seconds .

========================================================================
Received Import Request.
  Time since last request: 0.000746 seconds.
  path: Assets/Art/ResumeButton.png
  artifactKey: Guid(652c7cb373dfd9f43a7ea7cba49f46ee) Importer(815301076,1909f56bfc062723c751e8b465ee728b)
Start importing Assets/Art/ResumeButton.png using Guid(652c7cb373dfd9f43a7ea7cba49f46ee) Importer(815301076,1909f56bfc062723c751e8b465ee728b)  -> (artifact id: 'bd9cc6db6e68d2a051ab7ae3b8785e7b') in 0.094513 seconds 
  Import took 0.167846 seconds .

