Using pre-set license
Built from '2020.3/release' branch; Version is '2020.3.27f1 (e759542391ea) revision 15161684'; Using compiler version '192528614'; Build Type 'Release'
OS: 'Windows 10  (10.0.19042) 64bit Core' Language: 'en' Physical Memory: 3959 MB
BatchMode: 1, IsHumanControllingUs: 0, StartBugReporterOnCrash: 0, Is64bit: 1, IsPro: 0

COMMAND LINE ARGUMENTS:
C:\Program Files\Unity\Hub\Editor\2020.3.27f1\Editor\Unity.exe
-adb2
-batchMode
-noUpm
-name
AssetImportWorker158
-projectPath
C:/Users/rona/Documents/GitHub/GalactiCarp/GMNG4312_GalactiCarp_Pisces2122
-logFile
Logs/AssetImportWorker158.log
-srvPort
63547
Successfully changed project path to: C:/Users/rona/Documents/GitHub/GalactiCarp/GMNG4312_GalactiCarp_Pisces2122
C:/Users/rona/Documents/GitHub/GalactiCarp/GMNG4312_GalactiCarp_Pisces2122
Using Asset Import Pipeline V2.
Refreshing native plugins compatible for Editor in 252.10 ms, found 2 plugins.
Preloading 0 native plugins for Editor in 0.00 ms.
Initialize engine version: 2020.3.27f1 (e759542391ea)
[Subsystems] Discovering subsystems at path C:/Program Files/Unity/Hub/Editor/2020.3.27f1/Editor/Data/Resources/UnitySubsystems
[Subsystems] Discovering subsystems at path C:/Users/rona/Documents/GitHub/GalactiCarp/GMNG4312_GalactiCarp_Pisces2122/Assets
GfxDevice: creating device client; threaded=0
Direct3D:
    Version:  Direct3D 11.0 [level 11.1]
    Renderer: Intel(R) HD Graphics 500 (ID=0x5a85)
    Vendor:   
    VRAM:     1979 MB
    Driver:   27.20.100.8682
Initialize mono
Mono path[0] = 'C:/Program Files/Unity/Hub/Editor/2020.3.27f1/Editor/Data/Managed'
Mono path[1] = 'C:/Program Files/Unity/Hub/Editor/2020.3.27f1/Editor/Data/MonoBleedingEdge/lib/mono/unityjit'
Mono config path = 'C:/Program Files/Unity/Hub/Editor/2020.3.27f1/Editor/Data/MonoBleedingEdge/etc'
Using monoOptions --debugger-agent=transport=dt_socket,embedding=1,server=y,suspend=n,address=127.0.0.1:56048
Begin MonoManager ReloadAssembly
Registering precompiled unity dll's ...
Register platform support module: C:/Program Files/Unity/Hub/Editor/2020.3.27f1/Editor/Data/PlaybackEngines/WindowsStandaloneSupport/UnityEditor.WindowsStandalone.Extensions.dll
Registered in 0.015803 seconds.
Native extension for WindowsStandalone target not found
Refreshing native plugins compatible for Editor in 270.73 ms, found 2 plugins.
Preloading 0 native plugins for Editor in 0.00 ms.
Mono: successfully reloaded assembly
- Completed reload, in  5.641 seconds
Domain Reload Profiling:
	ReloadAssembly (5641ms)
		BeginReloadAssembly (518ms)
			ExecutionOrderSort (0ms)
			DisableScriptedObjects (0ms)
			BackupInstance (0ms)
			ReleaseScriptingObjects (0ms)
			CreateAndSetChildDomain (3ms)
		EndReloadAssembly (4452ms)
			LoadAssemblies (496ms)
			RebuildTransferFunctionScriptingTraits (0ms)
			SetupTypeCache (1614ms)
			ReleaseScriptCaches (0ms)
			RebuildScriptCaches (375ms)
			SetupLoadedEditorAssemblies (1634ms)
				LogAssemblyErrors (0ms)
				InitializePlatformSupportModulesInManaged (59ms)
				SetLoadedEditorAssemblies (2ms)
				RefreshPlugins (271ms)
				BeforeProcessingInitializeOnLoad (140ms)
				ProcessInitializeOnLoadAttributes (829ms)
				ProcessInitializeOnLoadMethodAttributes (332ms)
				AfterProcessingInitializeOnLoad (0ms)
				EditorAssembliesLoaded (1ms)
			ExecutionOrderSort2 (0ms)
			AwakeInstancesAfterBackupRestoration (0ms)
Platform modules already initialized, skipping
Registering precompiled user dll's ...
Registered in 0.025542 seconds.
Begin MonoManager ReloadAssembly
Native extension for WindowsStandalone target not found
Refreshing native plugins compatible for Editor in 1.90 ms, found 2 plugins.
Preloading 0 native plugins for Editor in 0.00 ms.
Mono: successfully reloaded assembly
- Completed reload, in  8.211 seconds
Domain Reload Profiling:
	ReloadAssembly (8227ms)
		BeginReloadAssembly (851ms)
			ExecutionOrderSort (0ms)
			DisableScriptedObjects (21ms)
			BackupInstance (0ms)
			ReleaseScriptingObjects (1ms)
			CreateAndSetChildDomain (80ms)
		EndReloadAssembly (6908ms)
			LoadAssemblies (778ms)
			RebuildTransferFunctionScriptingTraits (0ms)
			SetupTypeCache (1992ms)
			ReleaseScriptCaches (4ms)
			RebuildScriptCaches (356ms)
			SetupLoadedEditorAssemblies (3110ms)
				LogAssemblyErrors (0ms)
				InitializePlatformSupportModulesInManaged (21ms)
				SetLoadedEditorAssemblies (7ms)
				RefreshPlugins (2ms)
				BeforeProcessingInitializeOnLoad (468ms)
				ProcessInitializeOnLoadAttributes (2492ms)
				ProcessInitializeOnLoadMethodAttributes (62ms)
				AfterProcessingInitializeOnLoad (58ms)
				EditorAssembliesLoaded (1ms)
			ExecutionOrderSort2 (0ms)
			AwakeInstancesAfterBackupRestoration (45ms)
Platform modules already initialized, skipping
========================================================================
Worker process is ready to serve import requests
Launched and connected shader compiler UnityShaderCompiler.exe after 0.94 seconds
Refreshing native plugins compatible for Editor in 2.23 ms, found 2 plugins.
Preloading 0 native plugins for Editor in 0.00 ms.
Unloading 1658 Unused Serialized files (Serialized files now loaded: 0)
System memory in use before: 75.1 MB.
System memory in use after: 75.2 MB.

Unloading 20 unused Assets to reduce memory usage. Loaded Objects now: 2095.
Total: 12.281100 ms (FindLiveObjects: 0.627200 ms CreateObjectMapping: 0.279400 ms MarkObjects: 11.183800 ms  DeleteObjects: 0.185500 ms)

AssetImportParameters requested are different than current active one (requested -> active):
  custom:framework-win-MediaFoundation: 216162199b28c13a410421893ffa2e32 -> 
  custom:video-decoder-ogg-theora: a1e56fd34408186e4bbccfd4996cb3dc -> 
  custom:container-muxer-webm: aa71ff27fc2769a1b78a27578f13a17b -> 
  custom:container-demuxer-webm: 4f35f7cbe854078d1ac9338744f61a02 -> 
  custom:container-demuxer-ogg: 62fdf1f143b41e24485cea50d1cbac27 -> 
  custom:video-encoder-webm-vp8: eb34c28f22e8b96e1ab97ce403110664 -> 
  custom:video-decoder-webm-vp8: 9c59270c3fd7afecdb556c50c9e8de78 -> 
  custom:audio-decoder-ogg-vorbis: bf7c407c2cedff20999df2af8eb42d56 -> 
  custom:audio-encoder-webm-vorbis: bf7c407c2cedff20999df2af8eb42d56 -> 
========================================================================
Received Import Request.
  path: Assets/Prefabs/-----Upgrade 4-----.prefab
  artifactKey: Guid(97e0085b72d9c374e916decb7d45f979) Importer(815301076,1909f56bfc062723c751e8b465ee728b)
Start importing Assets/Prefabs/-----Upgrade 4-----.prefab using Guid(97e0085b72d9c374e916decb7d45f979) Importer(815301076,1909f56bfc062723c751e8b465ee728b)  -> (artifact id: '75230ecd9d45ab8ec5cfdd1e00a4c927') in 12.155493 seconds 
  Import took 12.164652 seconds .

========================================================================
Received Import Request.
  Time since last request: 0.001425 seconds.
  path: Assets/Prefabs/-----Upgrade 2-----.prefab
  artifactKey: Guid(00f35207f5c23e941af67ee058c90926) Importer(815301076,1909f56bfc062723c751e8b465ee728b)
Start importing Assets/Prefabs/-----Upgrade 2-----.prefab using Guid(00f35207f5c23e941af67ee058c90926) Importer(815301076,1909f56bfc062723c751e8b465ee728b)  -> (artifact id: '36f84a2a13b4b98a00cec4038c863961') in 0.159513 seconds 
  Import took 0.247376 seconds .

========================================================================
Received Import Request.
  Time since last request: 0.001494 seconds.
  path: Assets/Prefabs/Scrap.prefab
  artifactKey: Guid(4a32eea8904a4484eb75ead513ed927e) Importer(815301076,1909f56bfc062723c751e8b465ee728b)
Start importing Assets/Prefabs/Scrap.prefab using Guid(4a32eea8904a4484eb75ead513ed927e) Importer(815301076,1909f56bfc062723c751e8b465ee728b)  -> (artifact id: 'f60aa9c99772d40ac5193046ae5b57b9') in 0.258195 seconds 
  Import took 0.490105 seconds .

========================================================================
Received Import Request.
  Time since last request: 0.061570 seconds.
  path: Assets/Prefabs/-----Upgrade 3-----.prefab
  artifactKey: Guid(9d25078ca59f7644c935e9de900cb5e0) Importer(815301076,1909f56bfc062723c751e8b465ee728b)
Start importing Assets/Prefabs/-----Upgrade 3-----.prefab using Guid(9d25078ca59f7644c935e9de900cb5e0) Importer(815301076,1909f56bfc062723c751e8b465ee728b)  -> (artifact id: '526025bcac714c083e86b1179fbb16ed') in 1.042920 seconds 
  Import took 1.086186 seconds .

========================================================================
Received Prepare
Refreshing native plugins compatible for Editor in 739.49 ms, found 2 plugins.
Preloading 0 native plugins for Editor in 0.00 ms.
Unloading 12 Unused Serialized files (Serialized files now loaded: 0)
System memory in use before: 45.1 MB.
System memory in use after: 45.2 MB.

Unloading 13 unused Assets to reduce memory usage. Loaded Objects now: 2103.
Total: 36.644500 ms (FindLiveObjects: 4.968900 ms CreateObjectMapping: 2.279600 ms MarkObjects: 29.321100 ms  DeleteObjects: 0.069100 ms)

AssetImportParameters requested are different than current active one (requested -> active):
  custom:framework-win-MediaFoundation: 216162199b28c13a410421893ffa2e32 -> 
  custom:video-decoder-ogg-theora: a1e56fd34408186e4bbccfd4996cb3dc -> 
  custom:container-muxer-webm: aa71ff27fc2769a1b78a27578f13a17b -> 
  custom:container-demuxer-webm: 4f35f7cbe854078d1ac9338744f61a02 -> 
  custom:container-demuxer-ogg: 62fdf1f143b41e24485cea50d1cbac27 -> 
  custom:video-encoder-webm-vp8: eb34c28f22e8b96e1ab97ce403110664 -> 
  custom:video-decoder-webm-vp8: 9c59270c3fd7afecdb556c50c9e8de78 -> 
  custom:audio-decoder-ogg-vorbis: bf7c407c2cedff20999df2af8eb42d56 -> 
  custom:audio-encoder-webm-vorbis: bf7c407c2cedff20999df2af8eb42d56 -> 
========================================================================
Received Import Request.
  Time since last request: 21.735615 seconds.
  path: Assets/Prefabs/-----Upgrade 2-----.prefab
  artifactKey: Guid(00f35207f5c23e941af67ee058c90926) Importer(815301076,1909f56bfc062723c751e8b465ee728b)
Start importing Assets/Prefabs/-----Upgrade 2-----.prefab using Guid(00f35207f5c23e941af67ee058c90926) Importer(815301076,1909f56bfc062723c751e8b465ee728b)  -> (artifact id: '498d59d6621db7de6dc45821fde6a942') in 9.955226 seconds 
  Import took 10.072513 seconds .

========================================================================
Received Import Request.
  Time since last request: 0.106959 seconds.
  path: Assets/Prefabs/-----Upgrade 4-----.prefab
  artifactKey: Guid(97e0085b72d9c374e916decb7d45f979) Importer(815301076,1909f56bfc062723c751e8b465ee728b)
Start importing Assets/Prefabs/-----Upgrade 4-----.prefab using Guid(97e0085b72d9c374e916decb7d45f979) Importer(815301076,1909f56bfc062723c751e8b465ee728b)  -> (artifact id: 'ae13c10c0c810bb27b1f38fe87fd6b57') in 0.087114 seconds 
  Import took 0.118909 seconds .

========================================================================
Received Import Request.
  Time since last request: 0.000841 seconds.
  path: Assets/Prefabs/-----Upgrade 2-----.prefab
  artifactKey: Guid(00f35207f5c23e941af67ee058c90926) Importer(815301076,1909f56bfc062723c751e8b465ee728b)
Start importing Assets/Prefabs/-----Upgrade 2-----.prefab using Guid(00f35207f5c23e941af67ee058c90926) Importer(815301076,1909f56bfc062723c751e8b465ee728b)  -> (artifact id: '498d59d6621db7de6dc45821fde6a942') in 0.082951 seconds 
  Import took 0.165835 seconds .

========================================================================
Received Import Request.
  Time since last request: 0.000793 seconds.
  path: Assets/Prefabs/-----Upgrade 3-----.prefab
  artifactKey: Guid(9d25078ca59f7644c935e9de900cb5e0) Importer(815301076,1909f56bfc062723c751e8b465ee728b)
Start importing Assets/Prefabs/-----Upgrade 3-----.prefab using Guid(9d25078ca59f7644c935e9de900cb5e0) Importer(815301076,1909f56bfc062723c751e8b465ee728b)  -> (artifact id: 'e8abdd87e6ecd98f8bc7817cdb8e79b6') in 0.120330 seconds 
  Import took 0.402671 seconds .

========================================================================
Received Import Request.
  Time since last request: 0.000865 seconds.
  path: Assets/Scenes/Level1 2.scenetemplate
  artifactKey: Guid(1a12a49cf42474e408bbad74472885c5) Importer(815301076,1909f56bfc062723c751e8b465ee728b)
Start importing Assets/Scenes/Level1 2.scenetemplate using Guid(1a12a49cf42474e408bbad74472885c5) Importer(815301076,1909f56bfc062723c751e8b465ee728b)  -> (artifact id: '6265b1059e96aa87272948006dedc434') in 4.993144 seconds 
  Import took 5.064769 seconds .

========================================================================
Received Import Request.
  Time since last request: 0.000813 seconds.
  path: Assets/Scenes/Level1.unity
  artifactKey: Guid(e164ae2bbc8721d4db15c7437f99a202) Importer(815301076,1909f56bfc062723c751e8b465ee728b)
Start importing Assets/Scenes/Level1.unity using Guid(e164ae2bbc8721d4db15c7437f99a202) Importer(815301076,1909f56bfc062723c751e8b465ee728b)  -> (artifact id: 'c40652aba0046d13c7b17cdbb22c92f9') in 0.028085 seconds 
  Import took 0.069888 seconds .

========================================================================
Received Import Request.
  Time since last request: 0.000790 seconds.
  path: Assets/Scenes/Level1 3.scenetemplate
  artifactKey: Guid(dc22e5ac90631a84ca23da9e20f438ba) Importer(815301076,1909f56bfc062723c751e8b465ee728b)
Start importing Assets/Scenes/Level1 3.scenetemplate using Guid(dc22e5ac90631a84ca23da9e20f438ba) Importer(815301076,1909f56bfc062723c751e8b465ee728b)  -> (artifact id: 'd8ea45584076389b857e1e231d56ebe5') in 0.470760 seconds 
  Import took 0.520383 seconds .

========================================================================
Received Import Request.
  Time since last request: 33.278241 seconds.
  path: Assets/Models/Chroma Skyscraper L.fbx
  artifactKey: Guid(d86de68fc52dc28469b9f44a650e4132) Importer(815301076,1909f56bfc062723c751e8b465ee728b)
Start importing Assets/Models/Chroma Skyscraper L.fbx using Guid(d86de68fc52dc28469b9f44a650e4132) Importer(815301076,1909f56bfc062723c751e8b465ee728b)  -> (artifact id: 'e9e5f2b8c98caf6b1bd7f2b2956358c1') in 7.277253 seconds 
  Import took 7.354177 seconds .

========================================================================
Received Import Request.
  Time since last request: 0.001983 seconds.
  path: Assets/Models/Chroma Skyscraper N.fbx
  artifactKey: Guid(3807f66b7fcb7364ebedb020511b9e58) Importer(815301076,1909f56bfc062723c751e8b465ee728b)
Start importing Assets/Models/Chroma Skyscraper N.fbx using Guid(3807f66b7fcb7364ebedb020511b9e58) Importer(815301076,1909f56bfc062723c751e8b465ee728b)  -> (artifact id: '54fb858d13a34fadcf737f52945b2e73') in 0.442754 seconds 
  Import took 1.659911 seconds .

========================================================================
Received Import Request.
  Time since last request: 0.009232 seconds.
  path: Assets/Models/Chroma Skyscraper M.fbx
  artifactKey: Guid(e337a0c19f742aa44a827a5129f9799e) Importer(815301076,1909f56bfc062723c751e8b465ee728b)
Start importing Assets/Models/Chroma Skyscraper M.fbx using Guid(e337a0c19f742aa44a827a5129f9799e) Importer(815301076,1909f56bfc062723c751e8b465ee728b)  -> (artifact id: 'acf8418486c6e9125d14098f9aa9cda0') in 1.630049 seconds 
  Import took 1.935039 seconds .

========================================================================
Received Import Request.
  Time since last request: 0.000794 seconds.
  path: Assets/Models/Chroma Skyscraper O.fbx
  artifactKey: Guid(b8f24e87a18e1e04b90156463ad46694) Importer(815301076,1909f56bfc062723c751e8b465ee728b)
Start importing Assets/Models/Chroma Skyscraper O.fbx using Guid(b8f24e87a18e1e04b90156463ad46694) Importer(815301076,1909f56bfc062723c751e8b465ee728b)  -> (artifact id: '6b5f02dda38128ad768b9256f3e62921') in 0.724946 seconds 
  Import took 0.830381 seconds .

========================================================================
Received Prepare
Registering precompiled user dll's ...
Registered in 1.386600 seconds.
Begin MonoManager ReloadAssembly
Native extension for WindowsStandalone target not found
Refreshing native plugins compatible for Editor in 2.47 ms, found 2 plugins.
Preloading 0 native plugins for Editor in 0.00 ms.
Mono: successfully reloaded assembly
- Completed reload, in  5.464 seconds
Domain Reload Profiling:
	ReloadAssembly (5466ms)
		BeginReloadAssembly (577ms)
			ExecutionOrderSort (0ms)
			DisableScriptedObjects (22ms)
			BackupInstance (0ms)
			ReleaseScriptingObjects (0ms)
			CreateAndSetChildDomain (144ms)
		EndReloadAssembly (4572ms)
			LoadAssemblies (781ms)
			RebuildTransferFunctionScriptingTraits (0ms)
			SetupTypeCache (1647ms)
			ReleaseScriptCaches (2ms)
			RebuildScriptCaches (249ms)
			SetupLoadedEditorAssemblies (1507ms)
				LogAssemblyErrors (0ms)
				InitializePlatformSupportModulesInManaged (24ms)
				SetLoadedEditorAssemblies (6ms)
				RefreshPlugins (3ms)
				BeforeProcessingInitializeOnLoad (389ms)
				ProcessInitializeOnLoadAttributes (1007ms)
				ProcessInitializeOnLoadMethodAttributes (40ms)
				AfterProcessingInitializeOnLoad (36ms)
				EditorAssembliesLoaded (1ms)
			ExecutionOrderSort2 (0ms)
			AwakeInstancesAfterBackupRestoration (33ms)
Platform modules already initialized, skipping
Refreshing native plugins compatible for Editor in 2.77 ms, found 2 plugins.
Preloading 0 native plugins for Editor in 0.00 ms.
Unloading 1650 Unused Serialized files (Serialized files now loaded: 0)
System memory in use before: 78.4 MB.
System memory in use after: 78.5 MB.

Unloading 15 unused Assets to reduce memory usage. Loaded Objects now: 2141.
Total: 19.706400 ms (FindLiveObjects: 5.790600 ms CreateObjectMapping: 0.309800 ms MarkObjects: 13.539100 ms  DeleteObjects: 0.061700 ms)

AssetImportParameters requested are different than current active one (requested -> active):
  custom:framework-win-MediaFoundation: 216162199b28c13a410421893ffa2e32 -> 
  custom:video-decoder-ogg-theora: a1e56fd34408186e4bbccfd4996cb3dc -> 
  custom:container-muxer-webm: aa71ff27fc2769a1b78a27578f13a17b -> 
  custom:container-demuxer-webm: 4f35f7cbe854078d1ac9338744f61a02 -> 
  custom:container-demuxer-ogg: 62fdf1f143b41e24485cea50d1cbac27 -> 
  custom:video-encoder-webm-vp8: eb34c28f22e8b96e1ab97ce403110664 -> 
  custom:video-decoder-webm-vp8: 9c59270c3fd7afecdb556c50c9e8de78 -> 
  custom:audio-decoder-ogg-vorbis: bf7c407c2cedff20999df2af8eb42d56 -> 
  custom:audio-encoder-webm-vorbis: bf7c407c2cedff20999df2af8eb42d56 -> 
========================================================================
Received Import Request.
  Time since last request: 368.776694 seconds.
  path: Assets/Audio/27568__suonho__memorymoon-space-blaster-plays.wav
  artifactKey: Guid(58dcae62ec804b14ca5b3526d4c95009) Importer(815301076,1909f56bfc062723c751e8b465ee728b)
Start importing Assets/Audio/27568__suonho__memorymoon-space-blaster-plays.wav using Guid(58dcae62ec804b14ca5b3526d4c95009) Importer(815301076,1909f56bfc062723c751e8b465ee728b)  -> (artifact id: '82fb1a09e74e1162cee62cef4cd561fc') in 14.398557 seconds 
  Import took 14.459253 seconds .

========================================================================
Received Import Request.
  Time since last request: 0.000931 seconds.
  path: Assets/Audio/506595__deleted-user-11009121__lofi-loop-3.mp3
  artifactKey: Guid(22a7ccbf87481e544bafe799933f33b9) Importer(815301076,1909f56bfc062723c751e8b465ee728b)
Start importing Assets/Audio/506595__deleted-user-11009121__lofi-loop-3.mp3 using Guid(22a7ccbf87481e544bafe799933f33b9) Importer(815301076,1909f56bfc062723c751e8b465ee728b)  -> (artifact id: '6917e8f21bddfd0ad47f5f2b944b568f') in 0.525019 seconds 
  Import took 0.731742 seconds .

========================================================================
Received Import Request.
  Time since last request: 0.005106 seconds.
  path: Assets/Audio/546087__kjartan-abel__stardust-100-loopable-ambient-music-track.wav
  artifactKey: Guid(4fdd8708086e2ac4b94b2cbb577e78de) Importer(815301076,1909f56bfc062723c751e8b465ee728b)
Start importing Assets/Audio/546087__kjartan-abel__stardust-100-loopable-ambient-music-track.wav using Guid(4fdd8708086e2ac4b94b2cbb577e78de) Importer(815301076,1909f56bfc062723c751e8b465ee728b)  -> (artifact id: '69198a2bcefa07c6c6a849943a7e5305') in 0.357225 seconds 
  Import took 0.374963 seconds .

========================================================================
Received Import Request.
  Time since last request: 0.000754 seconds.
  path: Assets/Audio/251204__zagi2__abandoned-loop.wav
  artifactKey: Guid(08c7fc587e348334dbba1f70defa7bfe) Importer(815301076,1909f56bfc062723c751e8b465ee728b)
Start importing Assets/Audio/251204__zagi2__abandoned-loop.wav using Guid(08c7fc587e348334dbba1f70defa7bfe) Importer(815301076,1909f56bfc062723c751e8b465ee728b)  -> (artifact id: '00b52f690210b1c0ec860f15252337a5') in 0.720649 seconds 
  Import took 0.749955 seconds .

========================================================================
Received Import Request.
  Time since last request: 227.550222 seconds.
  path: Assets/Scenes/SampleScene.unity
  artifactKey: Guid(9fc0d4010bbf28b4594072e72b8655ab) Importer(815301076,1909f56bfc062723c751e8b465ee728b)
Start importing Assets/Scenes/SampleScene.unity using Guid(9fc0d4010bbf28b4594072e72b8655ab) Importer(815301076,1909f56bfc062723c751e8b465ee728b)  -> (artifact id: '4813a2a3356b5c0b8ad187d05cb40398') in 0.052085 seconds 
  Import took 0.134357 seconds .

========================================================================
Received Import Request.
  Time since last request: 106.791198 seconds.
  path: Assets/Scenes/Level1.unity
  artifactKey: Guid(e164ae2bbc8721d4db15c7437f99a202) Importer(815301076,1909f56bfc062723c751e8b465ee728b)
Start importing Assets/Scenes/Level1.unity using Guid(e164ae2bbc8721d4db15c7437f99a202) Importer(815301076,1909f56bfc062723c751e8b465ee728b)  -> (artifact id: 'a5c6af252add3091b7c9278da8ad3583') in 0.038884 seconds 
  Import took 0.120677 seconds .

AssetImportWorkerClient::OnTransportError - code=2 error=End of file
