Using pre-set license
Built from '2020.3/release' branch; Version is '2020.3.27f1 (e759542391ea) revision 15161684'; Using compiler version '192528614'; Build Type 'Release'
OS: 'Windows 10  (10.0.19044) 64bit Core' Language: 'en' Physical Memory: 3959 MB
BatchMode: 1, IsHumanControllingUs: 0, StartBugReporterOnCrash: 0, Is64bit: 1, IsPro: 0

COMMAND LINE ARGUMENTS:
C:\Program Files\Unity\Hub\Editor\2020.3.27f1\Editor\Unity.exe
-adb2
-batchMode
-noUpm
-name
AssetImportWorker3
-projectPath
C:/Users/rona/Documents/GitHub/GalactiCarp/GMNG4312_GalactiCarp_Pisces2122
-logFile
Logs/AssetImportWorker3.log
-srvPort
57712
Successfully changed project path to: C:/Users/rona/Documents/GitHub/GalactiCarp/GMNG4312_GalactiCarp_Pisces2122
C:/Users/rona/Documents/GitHub/GalactiCarp/GMNG4312_GalactiCarp_Pisces2122
Using Asset Import Pipeline V2.
Refreshing native plugins compatible for Editor in 261.74 ms, found 2 plugins.
Preloading 0 native plugins for Editor in 0.00 ms.
Initialize engine version: 2020.3.27f1 (e759542391ea)
[Subsystems] Discovering subsystems at path C:/Program Files/Unity/Hub/Editor/2020.3.27f1/Editor/Data/Resources/UnitySubsystems
[Subsystems] Discovering subsystems at path C:/Users/rona/Documents/GitHub/GalactiCarp/GMNG4312_GalactiCarp_Pisces2122/Assets
GfxDevice: creating device client; threaded=0
Direct3D:
    Version:  Direct3D 11.0 [level 11.1]
    Renderer: Intel(R) HD Graphics 500 (ID=0x5a85)
    Vendor:   
    VRAM:     1979 MB
    Driver:   27.20.100.8682
Initialize mono
Mono path[0] = 'C:/Program Files/Unity/Hub/Editor/2020.3.27f1/Editor/Data/Managed'
Mono path[1] = 'C:/Program Files/Unity/Hub/Editor/2020.3.27f1/Editor/Data/MonoBleedingEdge/lib/mono/unityjit'
Mono config path = 'C:/Program Files/Unity/Hub/Editor/2020.3.27f1/Editor/Data/MonoBleedingEdge/etc'
Using monoOptions --debugger-agent=transport=dt_socket,embedding=1,server=y,suspend=n,address=127.0.0.1:56704
Begin MonoManager ReloadAssembly
Registering precompiled unity dll's ...
Register platform support module: C:/Program Files/Unity/Hub/Editor/2020.3.27f1/Editor/Data/PlaybackEngines/WindowsStandaloneSupport/UnityEditor.WindowsStandalone.Extensions.dll
Registered in 0.009650 seconds.
Native extension for WindowsStandalone target not found
Refreshing native plugins compatible for Editor in 184.08 ms, found 2 plugins.
Preloading 0 native plugins for Editor in 0.00 ms.
Mono: successfully reloaded assembly
- Completed reload, in  4.190 seconds
Domain Reload Profiling:
	ReloadAssembly (4191ms)
		BeginReloadAssembly (510ms)
			ExecutionOrderSort (0ms)
			DisableScriptedObjects (0ms)
			BackupInstance (0ms)
			ReleaseScriptingObjects (0ms)
			CreateAndSetChildDomain (4ms)
		EndReloadAssembly (2924ms)
			LoadAssemblies (497ms)
			RebuildTransferFunctionScriptingTraits (0ms)
			SetupTypeCache (1095ms)
			ReleaseScriptCaches (0ms)
			RebuildScriptCaches (170ms)
			SetupLoadedEditorAssemblies (987ms)
				LogAssemblyErrors (0ms)
				InitializePlatformSupportModulesInManaged (19ms)
				SetLoadedEditorAssemblies (1ms)
				RefreshPlugins (184ms)
				BeforeProcessingInitializeOnLoad (80ms)
				ProcessInitializeOnLoadAttributes (564ms)
				ProcessInitializeOnLoadMethodAttributes (138ms)
				AfterProcessingInitializeOnLoad (0ms)
				EditorAssembliesLoaded (1ms)
			ExecutionOrderSort2 (0ms)
			AwakeInstancesAfterBackupRestoration (0ms)
Platform modules already initialized, skipping
Registering precompiled user dll's ...
Registered in 0.030416 seconds.
Begin MonoManager ReloadAssembly
Native extension for WindowsStandalone target not found
Refreshing native plugins compatible for Editor in 1.50 ms, found 2 plugins.
Preloading 0 native plugins for Editor in 0.00 ms.
Mono: successfully reloaded assembly
- Completed reload, in 11.762 seconds
Domain Reload Profiling:
	ReloadAssembly (11767ms)
		BeginReloadAssembly (990ms)
			ExecutionOrderSort (0ms)
			DisableScriptedObjects (30ms)
			BackupInstance (0ms)
			ReleaseScriptingObjects (0ms)
			CreateAndSetChildDomain (67ms)
		EndReloadAssembly (10206ms)
			LoadAssemblies (3042ms)
			RebuildTransferFunctionScriptingTraits (0ms)
			SetupTypeCache (1236ms)
			ReleaseScriptCaches (1ms)
			RebuildScriptCaches (209ms)
			SetupLoadedEditorAssemblies (5450ms)
				LogAssemblyErrors (0ms)
				InitializePlatformSupportModulesInManaged (18ms)
				SetLoadedEditorAssemblies (2ms)
				RefreshPlugins (2ms)
				BeforeProcessingInitializeOnLoad (438ms)
				ProcessInitializeOnLoadAttributes (4632ms)
				ProcessInitializeOnLoadMethodAttributes (320ms)
				AfterProcessingInitializeOnLoad (37ms)
				EditorAssembliesLoaded (1ms)
			ExecutionOrderSort2 (0ms)
			AwakeInstancesAfterBackupRestoration (100ms)
Platform modules already initialized, skipping
========================================================================
Worker process is ready to serve import requests
Launched and connected shader compiler UnityShaderCompiler.exe after 0.74 seconds
Refreshing native plugins compatible for Editor in 1.70 ms, found 2 plugins.
Preloading 0 native plugins for Editor in 0.00 ms.
Unloading 2059 Unused Serialized files (Serialized files now loaded: 0)
System memory in use before: 96.0 MB.
System memory in use after: 96.1 MB.

Unloading 21 unused Assets to reduce memory usage. Loaded Objects now: 2496.
Total: 9.362600 ms (FindLiveObjects: 0.679200 ms CreateObjectMapping: 0.287100 ms MarkObjects: 8.159000 ms  DeleteObjects: 0.231800 ms)

AssetImportParameters requested are different than current active one (requested -> active):
  custom:framework-win-MediaFoundation: 216162199b28c13a410421893ffa2e32 -> 
  custom:video-decoder-ogg-theora: a1e56fd34408186e4bbccfd4996cb3dc -> 
  custom:container-muxer-webm: aa71ff27fc2769a1b78a27578f13a17b -> 
  custom:container-demuxer-webm: 4f35f7cbe854078d1ac9338744f61a02 -> 
  custom:container-demuxer-ogg: 62fdf1f143b41e24485cea50d1cbac27 -> 
  custom:video-encoder-webm-vp8: eb34c28f22e8b96e1ab97ce403110664 -> 
  custom:video-decoder-webm-vp8: 9c59270c3fd7afecdb556c50c9e8de78 -> 
  custom:audio-decoder-ogg-vorbis: bf7c407c2cedff20999df2af8eb42d56 -> 
  custom:audio-encoder-webm-vorbis: bf7c407c2cedff20999df2af8eb42d56 -> 
========================================================================
Received Import Request.
  path: Assets/Prefabs/-----Upgrade 4-----.prefab
  artifactKey: Guid(97e0085b72d9c374e916decb7d45f979) Importer(815301076,1909f56bfc062723c751e8b465ee728b)
Start importing Assets/Prefabs/-----Upgrade 4-----.prefab using Guid(97e0085b72d9c374e916decb7d45f979) Importer(815301076,1909f56bfc062723c751e8b465ee728b)  -> (artifact id: '1fd52b7adbe7ab88d33da432c48ab6be') in 4.934442 seconds 
  Import took 4.947221 seconds .

========================================================================
Received Import Request.
  Time since last request: 0.001056 seconds.
  path: Assets/Animations/Carper
  artifactKey: Guid(91fd63ca6c4fb164f84f7b2232105e99) Importer(815301076,1909f56bfc062723c751e8b465ee728b)
Start importing Assets/Animations/Carper using Guid(91fd63ca6c4fb164f84f7b2232105e99) Importer(815301076,1909f56bfc062723c751e8b465ee728b)  -> (artifact id: 'f633b7a1d9892f51c0855d67798c3d21') in 0.076351 seconds 
  Import took 0.150435 seconds .

========================================================================
Received Import Request.
  Time since last request: 0.001351 seconds.
  path: Assets/Prefabs/-----Upgrade 3-----.prefab
  artifactKey: Guid(9d25078ca59f7644c935e9de900cb5e0) Importer(815301076,1909f56bfc062723c751e8b465ee728b)
Start importing Assets/Prefabs/-----Upgrade 3-----.prefab using Guid(9d25078ca59f7644c935e9de900cb5e0) Importer(815301076,1909f56bfc062723c751e8b465ee728b)  -> (artifact id: '3ea5d4a0ff893be4894812d563ffd1d2') in 0.328699 seconds 
  Import took 0.427930 seconds .

========================================================================
Received Import Request.
  Time since last request: 0.002930 seconds.
  path: Assets/Prefabs/Pisces Carper Mechsuit_1 1.prefab
  artifactKey: Guid(2e24274fdf09f364fa8f0d56b4c9d14a) Importer(815301076,1909f56bfc062723c751e8b465ee728b)
Start importing Assets/Prefabs/Pisces Carper Mechsuit_1 1.prefab using Guid(2e24274fdf09f364fa8f0d56b4c9d14a) Importer(815301076,1909f56bfc062723c751e8b465ee728b)  -> (artifact id: '4e3f3dae54259cfb998ca50d14267dcd') in 0.730003 seconds 
  Import took 0.802848 seconds .

========================================================================
Received Import Request.
  Time since last request: 135.038159 seconds.
  path: Assets/Animations/Carper/CarperRCMenu.controller
  artifactKey: Guid(46422483b2c55b64f91a067681073682) Importer(815301076,1909f56bfc062723c751e8b465ee728b)
Start importing Assets/Animations/Carper/CarperRCMenu.controller using Guid(46422483b2c55b64f91a067681073682) Importer(815301076,1909f56bfc062723c751e8b465ee728b)  -> (artifact id: '36a06730a01815156672938d1c1d0f93') in 0.074015 seconds 
  Import took 0.083967 seconds .

========================================================================
Received Import Request.
  Time since last request: 1.828248 seconds.
  path: Assets/Animations/Carper/Pisces Carper Mechsuit_1 1.controller
  artifactKey: Guid(e2ae037d7ba9443479e528ff4aaf366e) Importer(815301076,1909f56bfc062723c751e8b465ee728b)
Start importing Assets/Animations/Carper/Pisces Carper Mechsuit_1 1.controller using Guid(e2ae037d7ba9443479e528ff4aaf366e) Importer(815301076,1909f56bfc062723c751e8b465ee728b)  -> (artifact id: 'e1295a7037897744dccb01eeeba3493f') in 0.036194 seconds 
  Import took 0.049906 seconds .

========================================================================
Received Import Request.
  Time since last request: 3.210377 seconds.
  path: Assets/Animations/Carper/Pisces Carper Mechsuit_1.controller
  artifactKey: Guid(afac7e0dbee46a3418dbc35123512f44) Importer(815301076,1909f56bfc062723c751e8b465ee728b)
Start importing Assets/Animations/Carper/Pisces Carper Mechsuit_1.controller using Guid(afac7e0dbee46a3418dbc35123512f44) Importer(815301076,1909f56bfc062723c751e8b465ee728b)  -> (artifact id: '6c7e9dff05474e55d48741dd63b66239') in 0.063345 seconds 
  Import took 0.102044 seconds .

========================================================================
Received Import Request.
  Time since last request: 1.439063 seconds.
  path: Assets/Animations/Carper/Pisces Carper Mechsuit_2.controller
  artifactKey: Guid(9895f1478c87c9a4e92415536a9797bc) Importer(815301076,1909f56bfc062723c751e8b465ee728b)
Start importing Assets/Animations/Carper/Pisces Carper Mechsuit_2.controller using Guid(9895f1478c87c9a4e92415536a9797bc) Importer(815301076,1909f56bfc062723c751e8b465ee728b)  -> (artifact id: 'a458aba5eb82049c16bd89c4f5ef0066') in 0.098339 seconds 
  Import took 0.147002 seconds .

========================================================================
Received Import Request.
  Time since last request: 0.438303 seconds.
  path: Assets/Animations/Carper/Pisces Carper Mechsuit_3.controller
  artifactKey: Guid(528b3958f10a0c24aae534cc048876c6) Importer(815301076,1909f56bfc062723c751e8b465ee728b)
Start importing Assets/Animations/Carper/Pisces Carper Mechsuit_3.controller using Guid(528b3958f10a0c24aae534cc048876c6) Importer(815301076,1909f56bfc062723c751e8b465ee728b)  -> (artifact id: 'b3de222d7a6429e3651050479d6c861f') in 0.079302 seconds 
  Import took 0.092252 seconds .

========================================================================
Received Import Request.
  Time since last request: 1.124678 seconds.
  path: Assets/Animations/Carper/Pisces Carper Mechsuit_4.controller
  artifactKey: Guid(ddcfeceab672f8f49844c7a774a83724) Importer(815301076,1909f56bfc062723c751e8b465ee728b)
Start importing Assets/Animations/Carper/Pisces Carper Mechsuit_4.controller using Guid(ddcfeceab672f8f49844c7a774a83724) Importer(815301076,1909f56bfc062723c751e8b465ee728b)  -> (artifact id: '3f5d2651398627d948b8dfd46afd532e') in 0.327157 seconds 
  Import took 0.550988 seconds .

========================================================================
Received Import Request.
  Time since last request: 0.274679 seconds.
  path: Assets/Animations/Carper/Pisces Carper Mechsuit_5.controller
  artifactKey: Guid(7a051dbbe527fe04fa7ad4c959765564) Importer(815301076,1909f56bfc062723c751e8b465ee728b)
Start importing Assets/Animations/Carper/Pisces Carper Mechsuit_5.controller using Guid(7a051dbbe527fe04fa7ad4c959765564) Importer(815301076,1909f56bfc062723c751e8b465ee728b)  -> (artifact id: '27047afa9c03b215ce36bed9280ebaff') in 0.296433 seconds 
  Import took 0.312927 seconds .

========================================================================
Received Import Request.
  Time since last request: 205.626871 seconds.
  path: Assets/Scenes/PyreSlab.unity
  artifactKey: Guid(77bb8fd9db570884cabd7a017d908b70) Importer(815301076,1909f56bfc062723c751e8b465ee728b)
Start importing Assets/Scenes/PyreSlab.unity using Guid(77bb8fd9db570884cabd7a017d908b70) Importer(815301076,1909f56bfc062723c751e8b465ee728b)  -> (artifact id: 'c1a5fb655cc61ac899de0b84ca115ec5') in 0.078437 seconds 
  Import took 0.125670 seconds .

========================================================================
Received Import Request.
  Time since last request: 19.003468 seconds.
  path: Assets/Scenes/SampleScene.unity
  artifactKey: Guid(9fc0d4010bbf28b4594072e72b8655ab) Importer(815301076,1909f56bfc062723c751e8b465ee728b)
Start importing Assets/Scenes/SampleScene.unity using Guid(9fc0d4010bbf28b4594072e72b8655ab) Importer(815301076,1909f56bfc062723c751e8b465ee728b)  -> (artifact id: 'bd5f94dbd2dc2ae9b2cfd1d52836e235') in 0.050124 seconds 
  Import took 0.059591 seconds .

========================================================================
Received Prepare
Registering precompiled user dll's ...
Registered in 1.447726 seconds.
Begin MonoManager ReloadAssembly
Native extension for WindowsStandalone target not found
Refreshing native plugins compatible for Editor in 1.89 ms, found 2 plugins.
Preloading 0 native plugins for Editor in 0.00 ms.
Mono: successfully reloaded assembly
- Completed reload, in  6.937 seconds
Domain Reload Profiling:
	ReloadAssembly (6939ms)
		BeginReloadAssembly (999ms)
			ExecutionOrderSort (0ms)
			DisableScriptedObjects (47ms)
			BackupInstance (0ms)
			ReleaseScriptingObjects (0ms)
			CreateAndSetChildDomain (357ms)
		EndReloadAssembly (5527ms)
			LoadAssemblies (786ms)
			RebuildTransferFunctionScriptingTraits (0ms)
			SetupTypeCache (1457ms)
			ReleaseScriptCaches (3ms)
			RebuildScriptCaches (371ms)
			SetupLoadedEditorAssemblies (2642ms)
				LogAssemblyErrors (0ms)
				InitializePlatformSupportModulesInManaged (22ms)
				SetLoadedEditorAssemblies (2ms)
				RefreshPlugins (2ms)
				BeforeProcessingInitializeOnLoad (508ms)
				ProcessInitializeOnLoadAttributes (2025ms)
				ProcessInitializeOnLoadMethodAttributes (42ms)
				AfterProcessingInitializeOnLoad (39ms)
				EditorAssembliesLoaded (1ms)
			ExecutionOrderSort2 (0ms)
			AwakeInstancesAfterBackupRestoration (31ms)
Platform modules already initialized, skipping
Refreshing native plugins compatible for Editor in 2.74 ms, found 2 plugins.
Preloading 0 native plugins for Editor in 0.00 ms.
Unloading 2037 Unused Serialized files (Serialized files now loaded: 0)
System memory in use before: 110.8 MB.
System memory in use after: 110.9 MB.

Unloading 16 unused Assets to reduce memory usage. Loaded Objects now: 2507.
Total: 11.998000 ms (FindLiveObjects: 0.863000 ms CreateObjectMapping: 0.320200 ms MarkObjects: 10.728100 ms  DeleteObjects: 0.081800 ms)

AssetImportParameters requested are different than current active one (requested -> active):
  custom:framework-win-MediaFoundation: 216162199b28c13a410421893ffa2e32 -> 
  custom:video-decoder-ogg-theora: a1e56fd34408186e4bbccfd4996cb3dc -> 
  custom:container-muxer-webm: aa71ff27fc2769a1b78a27578f13a17b -> 
  custom:container-demuxer-webm: 4f35f7cbe854078d1ac9338744f61a02 -> 
  custom:container-demuxer-ogg: 62fdf1f143b41e24485cea50d1cbac27 -> 
  custom:video-encoder-webm-vp8: eb34c28f22e8b96e1ab97ce403110664 -> 
  custom:video-decoder-webm-vp8: 9c59270c3fd7afecdb556c50c9e8de78 -> 
  custom:audio-decoder-ogg-vorbis: bf7c407c2cedff20999df2af8eb42d56 -> 
  custom:audio-encoder-webm-vorbis: bf7c407c2cedff20999df2af8eb42d56 -> 
========================================================================
Received Prepare
Registering precompiled user dll's ...
Registered in 0.036982 seconds.
Begin MonoManager ReloadAssembly
Native extension for WindowsStandalone target not found
Refreshing native plugins compatible for Editor in 1.60 ms, found 2 plugins.
Preloading 0 native plugins for Editor in 0.00 ms.
Mono: successfully reloaded assembly
- Completed reload, in  6.443 seconds
Domain Reload Profiling:
	ReloadAssembly (6446ms)
		BeginReloadAssembly (603ms)
			ExecutionOrderSort (0ms)
			DisableScriptedObjects (23ms)
			BackupInstance (0ms)
			ReleaseScriptingObjects (0ms)
			CreateAndSetChildDomain (165ms)
		EndReloadAssembly (5423ms)
			LoadAssemblies (601ms)
			RebuildTransferFunctionScriptingTraits (0ms)
			SetupTypeCache (1366ms)
			ReleaseScriptCaches (3ms)
			RebuildScriptCaches (207ms)
			SetupLoadedEditorAssemblies (2709ms)
				LogAssemblyErrors (0ms)
				InitializePlatformSupportModulesInManaged (27ms)
				SetLoadedEditorAssemblies (3ms)
				RefreshPlugins (2ms)
				BeforeProcessingInitializeOnLoad (488ms)
				ProcessInitializeOnLoadAttributes (2063ms)
				ProcessInitializeOnLoadMethodAttributes (72ms)
				AfterProcessingInitializeOnLoad (52ms)
				EditorAssembliesLoaded (2ms)
			ExecutionOrderSort2 (0ms)
			AwakeInstancesAfterBackupRestoration (35ms)
Platform modules already initialized, skipping
Refreshing native plugins compatible for Editor in 1.52 ms, found 2 plugins.
Preloading 0 native plugins for Editor in 0.00 ms.
Unloading 2037 Unused Serialized files (Serialized files now loaded: 0)
System memory in use before: 110.9 MB.
System memory in use after: 111.0 MB.

Unloading 16 unused Assets to reduce memory usage. Loaded Objects now: 2509.
Total: 16.558700 ms (FindLiveObjects: 1.998400 ms CreateObjectMapping: 0.450700 ms MarkObjects: 14.042200 ms  DeleteObjects: 0.060400 ms)

AssetImportParameters requested are different than current active one (requested -> active):
  custom:framework-win-MediaFoundation: 216162199b28c13a410421893ffa2e32 -> 
  custom:video-decoder-ogg-theora: a1e56fd34408186e4bbccfd4996cb3dc -> 
  custom:container-muxer-webm: aa71ff27fc2769a1b78a27578f13a17b -> 
  custom:container-demuxer-webm: 4f35f7cbe854078d1ac9338744f61a02 -> 
  custom:container-demuxer-ogg: 62fdf1f143b41e24485cea50d1cbac27 -> 
  custom:video-encoder-webm-vp8: eb34c28f22e8b96e1ab97ce403110664 -> 
  custom:video-decoder-webm-vp8: 9c59270c3fd7afecdb556c50c9e8de78 -> 
  custom:audio-decoder-ogg-vorbis: bf7c407c2cedff20999df2af8eb42d56 -> 
  custom:audio-encoder-webm-vorbis: bf7c407c2cedff20999df2af8eb42d56 -> 
========================================================================
Received Import Request.
  Time since last request: 445.751733 seconds.
  path: Assets/Prefabs/----PLAYERV2---- .prefab
  artifactKey: Guid(78e4e929f815e2d4d82e42f5da424451) Importer(815301076,1909f56bfc062723c751e8b465ee728b)
Start importing Assets/Prefabs/----PLAYERV2---- .prefab using Guid(78e4e929f815e2d4d82e42f5da424451) Importer(815301076,1909f56bfc062723c751e8b465ee728b)  -> (artifact id: '20b62804b5c1d93e04e126a373c00cea') in 1.267548 seconds 
  Import took 1.278701 seconds .

========================================================================
Received Prepare
Registering precompiled user dll's ...
Registered in 0.046355 seconds.
Begin MonoManager ReloadAssembly
Native extension for WindowsStandalone target not found
Refreshing native plugins compatible for Editor in 1.52 ms, found 2 plugins.
Preloading 0 native plugins for Editor in 0.00 ms.
Mono: successfully reloaded assembly
- Completed reload, in  6.394 seconds
Domain Reload Profiling:
	ReloadAssembly (6396ms)
		BeginReloadAssembly (812ms)
			ExecutionOrderSort (0ms)
			DisableScriptedObjects (24ms)
			BackupInstance (0ms)
			ReleaseScriptingObjects (0ms)
			CreateAndSetChildDomain (156ms)
		EndReloadAssembly (5275ms)
			LoadAssemblies (693ms)
			RebuildTransferFunctionScriptingTraits (0ms)
			SetupTypeCache (1365ms)
			ReleaseScriptCaches (4ms)
			RebuildScriptCaches (368ms)
			SetupLoadedEditorAssemblies (2412ms)
				LogAssemblyErrors (0ms)
				InitializePlatformSupportModulesInManaged (21ms)
				SetLoadedEditorAssemblies (2ms)
				RefreshPlugins (2ms)
				BeforeProcessingInitializeOnLoad (387ms)
				ProcessInitializeOnLoadAttributes (1875ms)
				ProcessInitializeOnLoadMethodAttributes (69ms)
				AfterProcessingInitializeOnLoad (51ms)
				EditorAssembliesLoaded (4ms)
			ExecutionOrderSort2 (0ms)
			AwakeInstancesAfterBackupRestoration (50ms)
Platform modules already initialized, skipping
Refreshing native plugins compatible for Editor in 1.94 ms, found 2 plugins.
Preloading 0 native plugins for Editor in 0.00 ms.
Unloading 2037 Unused Serialized files (Serialized files now loaded: 0)
System memory in use before: 110.9 MB.
System memory in use after: 111.0 MB.

Unloading 16 unused Assets to reduce memory usage. Loaded Objects now: 2512.
Total: 13.623400 ms (FindLiveObjects: 0.667300 ms CreateObjectMapping: 0.253200 ms MarkObjects: 12.631400 ms  DeleteObjects: 0.066500 ms)

AssetImportParameters requested are different than current active one (requested -> active):
  custom:framework-win-MediaFoundation: 216162199b28c13a410421893ffa2e32 -> 
  custom:video-decoder-ogg-theora: a1e56fd34408186e4bbccfd4996cb3dc -> 
  custom:container-muxer-webm: aa71ff27fc2769a1b78a27578f13a17b -> 
  custom:container-demuxer-webm: 4f35f7cbe854078d1ac9338744f61a02 -> 
  custom:container-demuxer-ogg: 62fdf1f143b41e24485cea50d1cbac27 -> 
  custom:video-encoder-webm-vp8: eb34c28f22e8b96e1ab97ce403110664 -> 
  custom:video-decoder-webm-vp8: 9c59270c3fd7afecdb556c50c9e8de78 -> 
  custom:audio-decoder-ogg-vorbis: bf7c407c2cedff20999df2af8eb42d56 -> 
  custom:audio-encoder-webm-vorbis: bf7c407c2cedff20999df2af8eb42d56 -> 
========================================================================
Received Import Request.
  Time since last request: 66.574593 seconds.
  path: Assets/Scripts/Animations.cs
  artifactKey: Guid(232af7af1cb296e449bf745b5cc6ea39) Importer(815301076,1909f56bfc062723c751e8b465ee728b)
Start importing Assets/Scripts/Animations.cs using Guid(232af7af1cb296e449bf745b5cc6ea39) Importer(815301076,1909f56bfc062723c751e8b465ee728b)  -> (artifact id: 'a45386af61055dc2bd5152023f07ede7') in 0.334821 seconds 
  Import took 0.346213 seconds .

========================================================================
Received Import Request.
  Time since last request: 887.012232 seconds.
  path: Assets/Scripts/Animations.cs
  artifactKey: Guid(232af7af1cb296e449bf745b5cc6ea39) Importer(815301076,1909f56bfc062723c751e8b465ee728b)
Start importing Assets/Scripts/Animations.cs using Guid(232af7af1cb296e449bf745b5cc6ea39) Importer(815301076,1909f56bfc062723c751e8b465ee728b)  -> (artifact id: 'c956a728c4051368218ace681e34e620') in 3.351748 seconds 
  Import took 14.444584 seconds .

========================================================================
Received Prepare
Registering precompiled user dll's ...
Registered in 0.406916 seconds.
Begin MonoManager ReloadAssembly
Native extension for WindowsStandalone target not found
Refreshing native plugins compatible for Editor in 1.81 ms, found 2 plugins.
Preloading 0 native plugins for Editor in 0.00 ms.
Mono: successfully reloaded assembly
- Completed reload, in 76.455 seconds
Domain Reload Profiling:
	ReloadAssembly (78872ms)
		BeginReloadAssembly (45829ms)
			ExecutionOrderSort (74ms)
			DisableScriptedObjects (8474ms)
			BackupInstance (0ms)
			ReleaseScriptingObjects (0ms)
			CreateAndSetChildDomain (17493ms)
		EndReloadAssembly (29744ms)
			LoadAssemblies (23594ms)
			RebuildTransferFunctionScriptingTraits (0ms)
			SetupTypeCache (8088ms)
			ReleaseScriptCaches (67ms)
			RebuildScriptCaches (722ms)
			SetupLoadedEditorAssemblies (7015ms)
				LogAssemblyErrors (0ms)
				InitializePlatformSupportModulesInManaged (21ms)
				SetLoadedEditorAssemblies (2ms)
				RefreshPlugins (2ms)
				BeforeProcessingInitializeOnLoad (964ms)
				ProcessInitializeOnLoadAttributes (5763ms)
				ProcessInitializeOnLoadMethodAttributes (221ms)
				AfterProcessingInitializeOnLoad (41ms)
				EditorAssembliesLoaded (2ms)
			ExecutionOrderSort2 (0ms)
			AwakeInstancesAfterBackupRestoration (29ms)
Platform modules already initialized, skipping
Refreshing native plugins compatible for Editor in 5.20 ms, found 2 plugins.
Preloading 0 native plugins for Editor in 0.00 ms.
Unloading 2037 Unused Serialized files (Serialized files now loaded: 0)
System memory in use before: 110.9 MB.
System memory in use after: 111.0 MB.

Unloading 16 unused Assets to reduce memory usage. Loaded Objects now: 2514.
Total: 18.420900 ms (FindLiveObjects: 0.893600 ms CreateObjectMapping: 1.290200 ms MarkObjects: 16.142400 ms  DeleteObjects: 0.087800 ms)

AssetImportParameters requested are different than current active one (requested -> active):
  custom:framework-win-MediaFoundation: 216162199b28c13a410421893ffa2e32 -> 
  custom:video-decoder-ogg-theora: a1e56fd34408186e4bbccfd4996cb3dc -> 
  custom:container-muxer-webm: aa71ff27fc2769a1b78a27578f13a17b -> 
  custom:container-demuxer-webm: 4f35f7cbe854078d1ac9338744f61a02 -> 
  custom:container-demuxer-ogg: 62fdf1f143b41e24485cea50d1cbac27 -> 
  custom:video-encoder-webm-vp8: eb34c28f22e8b96e1ab97ce403110664 -> 
  custom:video-decoder-webm-vp8: 9c59270c3fd7afecdb556c50c9e8de78 -> 
  custom:audio-decoder-ogg-vorbis: bf7c407c2cedff20999df2af8eb42d56 -> 
  custom:audio-encoder-webm-vorbis: bf7c407c2cedff20999df2af8eb42d56 -> 
========================================================================
Received Prepare
Registering precompiled user dll's ...
Registered in 0.144528 seconds.
Begin MonoManager ReloadAssembly
Native extension for WindowsStandalone target not found
Refreshing native plugins compatible for Editor in 1.70 ms, found 2 plugins.
Preloading 0 native plugins for Editor in 0.00 ms.
Mono: successfully reloaded assembly
- Completed reload, in 52.619 seconds
Domain Reload Profiling:
	ReloadAssembly (52621ms)
		BeginReloadAssembly (23877ms)
			ExecutionOrderSort (0ms)
			DisableScriptedObjects (40ms)
			BackupInstance (0ms)
			ReleaseScriptingObjects (0ms)
			CreateAndSetChildDomain (10717ms)
		EndReloadAssembly (23932ms)
			LoadAssemblies (13236ms)
			RebuildTransferFunctionScriptingTraits (0ms)
			SetupTypeCache (14286ms)
			ReleaseScriptCaches (3ms)
			RebuildScriptCaches (249ms)
			SetupLoadedEditorAssemblies (5149ms)
				LogAssemblyErrors (0ms)
				InitializePlatformSupportModulesInManaged (24ms)
				SetLoadedEditorAssemblies (2ms)
				RefreshPlugins (2ms)
				BeforeProcessingInitializeOnLoad (421ms)
				ProcessInitializeOnLoadAttributes (4567ms)
				ProcessInitializeOnLoadMethodAttributes (60ms)
				AfterProcessingInitializeOnLoad (72ms)
				EditorAssembliesLoaded (1ms)
			ExecutionOrderSort2 (0ms)
			AwakeInstancesAfterBackupRestoration (42ms)
Platform modules already initialized, skipping
Refreshing native plugins compatible for Editor in 5.17 ms, found 2 plugins.
Preloading 0 native plugins for Editor in 0.00 ms.
Unloading 2037 Unused Serialized files (Serialized files now loaded: 0)
System memory in use before: 110.9 MB.
System memory in use after: 111.0 MB.

Unloading 16 unused Assets to reduce memory usage. Loaded Objects now: 2516.
Total: 12.831400 ms (FindLiveObjects: 1.270800 ms CreateObjectMapping: 0.595200 ms MarkObjects: 10.898100 ms  DeleteObjects: 0.061800 ms)

AssetImportParameters requested are different than current active one (requested -> active):
  custom:framework-win-MediaFoundation: 216162199b28c13a410421893ffa2e32 -> 
  custom:video-decoder-ogg-theora: a1e56fd34408186e4bbccfd4996cb3dc -> 
  custom:container-muxer-webm: aa71ff27fc2769a1b78a27578f13a17b -> 
  custom:container-demuxer-webm: 4f35f7cbe854078d1ac9338744f61a02 -> 
  custom:container-demuxer-ogg: 62fdf1f143b41e24485cea50d1cbac27 -> 
  custom:video-encoder-webm-vp8: eb34c28f22e8b96e1ab97ce403110664 -> 
  custom:video-decoder-webm-vp8: 9c59270c3fd7afecdb556c50c9e8de78 -> 
  custom:audio-decoder-ogg-vorbis: bf7c407c2cedff20999df2af8eb42d56 -> 
  custom:audio-encoder-webm-vorbis: bf7c407c2cedff20999df2af8eb42d56 -> 
========================================================================
Received Import Request.
  Time since last request: 493.389937 seconds.
  path: Assets/Prefabs/----PLAYERV2---- .prefab
  artifactKey: Guid(78e4e929f815e2d4d82e42f5da424451) Importer(815301076,1909f56bfc062723c751e8b465ee728b)
Start importing Assets/Prefabs/----PLAYERV2---- .prefab using Guid(78e4e929f815e2d4d82e42f5da424451) Importer(815301076,1909f56bfc062723c751e8b465ee728b)  -> (artifact id: '58106f5520ee887c73b73d60058a2270') in 2.735309 seconds 
  Import took 2.785483 seconds .

========================================================================
Received Import Request.
  Time since last request: 122.112820 seconds.
  path: Assets/Animations/Carper/Carper_Stage3_Idle.anim
  artifactKey: Guid(73736d45a977c86479a014b41e8e9af3) Importer(815301076,1909f56bfc062723c751e8b465ee728b)
Start importing Assets/Animations/Carper/Carper_Stage3_Idle.anim using Guid(73736d45a977c86479a014b41e8e9af3) Importer(815301076,1909f56bfc062723c751e8b465ee728b)  -> (artifact id: 'a76cf03631453a1ed6b2df02aec101f5') in 0.427288 seconds 
  Import took 0.496798 seconds .

========================================================================
Received Import Request.
  Time since last request: 2.014460 seconds.
  path: Assets/Animations/Carper/Carper_Stage2_MoveF.anim
  artifactKey: Guid(a2282bb8f208952439223937f778ec64) Importer(815301076,1909f56bfc062723c751e8b465ee728b)
Start importing Assets/Animations/Carper/Carper_Stage2_MoveF.anim using Guid(a2282bb8f208952439223937f778ec64) Importer(815301076,1909f56bfc062723c751e8b465ee728b)  -> (artifact id: '843aabcdb154f94c1915390dc97fec9f') in 0.075485 seconds 
  Import took 0.189183 seconds .

========================================================================
Received Import Request.
  Time since last request: 1.727908 seconds.
  path: Assets/Animations/Carper/Carper_Stage2_Idle.anim
  artifactKey: Guid(3f4b25be1cc3c51469bacba604370383) Importer(815301076,1909f56bfc062723c751e8b465ee728b)
Start importing Assets/Animations/Carper/Carper_Stage2_Idle.anim using Guid(3f4b25be1cc3c51469bacba604370383) Importer(815301076,1909f56bfc062723c751e8b465ee728b)  -> (artifact id: 'd6c7b0a2581f984ad87fb0c06938b52e') in 0.024986 seconds 
  Import took 0.073196 seconds .

========================================================================
Received Import Request.
  Time since last request: 0.295372 seconds.
  path: Assets/Animations/Carper/Carper_Stage1_MoveF.anim
  artifactKey: Guid(fd97f94e2ccf16f4fb3e80302b2ba536) Importer(815301076,1909f56bfc062723c751e8b465ee728b)
Start importing Assets/Animations/Carper/Carper_Stage1_MoveF.anim using Guid(fd97f94e2ccf16f4fb3e80302b2ba536) Importer(815301076,1909f56bfc062723c751e8b465ee728b)  -> (artifact id: 'afeaf3980ae92a6d9d168e621c2018d9') in 0.062139 seconds 
  Import took 0.160232 seconds .

========================================================================
Received Import Request.
  Time since last request: 0.208151 seconds.
  path: Assets/Animations/Carper/Carper_Stage1_Idle.anim
  artifactKey: Guid(e5ac6e8d597714546b098694de5a2a74) Importer(815301076,1909f56bfc062723c751e8b465ee728b)
Start importing Assets/Animations/Carper/Carper_Stage1_Idle.anim using Guid(e5ac6e8d597714546b098694de5a2a74) Importer(815301076,1909f56bfc062723c751e8b465ee728b)  -> (artifact id: '9a6e9f456db1b0eb8b3e98d6190e7767') in 0.135023 seconds 
  Import took 0.165976 seconds .

========================================================================
Received Prepare
Registering precompiled user dll's ...
Registered in 0.042267 seconds.
Begin MonoManager ReloadAssembly
Native extension for WindowsStandalone target not found
Refreshing native plugins compatible for Editor in 10.69 ms, found 2 plugins.
Preloading 0 native plugins for Editor in 0.00 ms.
Mono: successfully reloaded assembly
- Completed reload, in 52.769 seconds
Domain Reload Profiling:
	ReloadAssembly (52770ms)
		BeginReloadAssembly (1773ms)
			ExecutionOrderSort (0ms)
			DisableScriptedObjects (36ms)
			BackupInstance (0ms)
			ReleaseScriptingObjects (0ms)
			CreateAndSetChildDomain (385ms)
		EndReloadAssembly (49772ms)
			LoadAssemblies (2048ms)
			RebuildTransferFunctionScriptingTraits (0ms)
			SetupTypeCache (8415ms)
			ReleaseScriptCaches (13ms)
			RebuildScriptCaches (986ms)
			SetupLoadedEditorAssemblies (34644ms)
				LogAssemblyErrors (0ms)
				InitializePlatformSupportModulesInManaged (61ms)
				SetLoadedEditorAssemblies (14ms)
				RefreshPlugins (25ms)
				BeforeProcessingInitializeOnLoad (29738ms)
				ProcessInitializeOnLoadAttributes (4708ms)
				ProcessInitializeOnLoadMethodAttributes (46ms)
				AfterProcessingInitializeOnLoad (49ms)
				EditorAssembliesLoaded (1ms)
			ExecutionOrderSort2 (0ms)
			AwakeInstancesAfterBackupRestoration (35ms)
Platform modules already initialized, skipping
Refreshing native plugins compatible for Editor in 2.98 ms, found 2 plugins.
Preloading 0 native plugins for Editor in 0.00 ms.
Unloading 2037 Unused Serialized files (Serialized files now loaded: 0)
System memory in use before: 110.9 MB.
System memory in use after: 111.1 MB.

Unloading 16 unused Assets to reduce memory usage. Loaded Objects now: 2519.
Total: 13.710700 ms (FindLiveObjects: 1.085500 ms CreateObjectMapping: 0.367400 ms MarkObjects: 12.179700 ms  DeleteObjects: 0.071200 ms)

AssetImportParameters requested are different than current active one (requested -> active):
  custom:framework-win-MediaFoundation: 216162199b28c13a410421893ffa2e32 -> 
  custom:video-decoder-ogg-theora: a1e56fd34408186e4bbccfd4996cb3dc -> 
  custom:container-muxer-webm: aa71ff27fc2769a1b78a27578f13a17b -> 
  custom:container-demuxer-webm: 4f35f7cbe854078d1ac9338744f61a02 -> 
  custom:container-demuxer-ogg: 62fdf1f143b41e24485cea50d1cbac27 -> 
  custom:video-encoder-webm-vp8: eb34c28f22e8b96e1ab97ce403110664 -> 
  custom:video-decoder-webm-vp8: 9c59270c3fd7afecdb556c50c9e8de78 -> 
  custom:audio-decoder-ogg-vorbis: bf7c407c2cedff20999df2af8eb42d56 -> 
  custom:audio-encoder-webm-vorbis: bf7c407c2cedff20999df2af8eb42d56 -> 
========================================================================
Received Prepare
Registering precompiled user dll's ...
Registered in 0.053184 seconds.
Begin MonoManager ReloadAssembly
Native extension for WindowsStandalone target not found
Refreshing native plugins compatible for Editor in 2.99 ms, found 2 plugins.
Preloading 0 native plugins for Editor in 0.00 ms.
Mono: successfully reloaded assembly
- Completed reload, in 11.294 seconds
Domain Reload Profiling:
	ReloadAssembly (11297ms)
		BeginReloadAssembly (1109ms)
			ExecutionOrderSort (0ms)
			DisableScriptedObjects (29ms)
			BackupInstance (0ms)
			ReleaseScriptingObjects (0ms)
			CreateAndSetChildDomain (278ms)
		EndReloadAssembly (9801ms)
			LoadAssemblies (1014ms)
			RebuildTransferFunctionScriptingTraits (0ms)
			SetupTypeCache (2936ms)
			ReleaseScriptCaches (5ms)
			RebuildScriptCaches (471ms)
			SetupLoadedEditorAssemblies (3990ms)
				LogAssemblyErrors (0ms)
				InitializePlatformSupportModulesInManaged (58ms)
				SetLoadedEditorAssemblies (4ms)
				RefreshPlugins (16ms)
				BeforeProcessingInitializeOnLoad (516ms)
				ProcessInitializeOnLoadAttributes (3156ms)
				ProcessInitializeOnLoadMethodAttributes (139ms)
				AfterProcessingInitializeOnLoad (100ms)
				EditorAssembliesLoaded (2ms)
			ExecutionOrderSort2 (0ms)
			AwakeInstancesAfterBackupRestoration (41ms)
Platform modules already initialized, skipping
Refreshing native plugins compatible for Editor in 1.62 ms, found 2 plugins.
Preloading 0 native plugins for Editor in 0.00 ms.
Unloading 2037 Unused Serialized files (Serialized files now loaded: 0)
System memory in use before: 110.9 MB.
System memory in use after: 111.1 MB.

Unloading 16 unused Assets to reduce memory usage. Loaded Objects now: 2521.
Total: 9.914200 ms (FindLiveObjects: 0.867300 ms CreateObjectMapping: 0.345600 ms MarkObjects: 8.629000 ms  DeleteObjects: 0.065400 ms)

AssetImportParameters requested are different than current active one (requested -> active):
  custom:framework-win-MediaFoundation: 216162199b28c13a410421893ffa2e32 -> 
  custom:video-decoder-ogg-theora: a1e56fd34408186e4bbccfd4996cb3dc -> 
  custom:container-muxer-webm: aa71ff27fc2769a1b78a27578f13a17b -> 
  custom:container-demuxer-webm: 4f35f7cbe854078d1ac9338744f61a02 -> 
  custom:container-demuxer-ogg: 62fdf1f143b41e24485cea50d1cbac27 -> 
  custom:video-encoder-webm-vp8: eb34c28f22e8b96e1ab97ce403110664 -> 
  custom:video-decoder-webm-vp8: 9c59270c3fd7afecdb556c50c9e8de78 -> 
  custom:audio-decoder-ogg-vorbis: bf7c407c2cedff20999df2af8eb42d56 -> 
  custom:audio-encoder-webm-vorbis: bf7c407c2cedff20999df2af8eb42d56 -> 
========================================================================
Received Import Request.
  Time since last request: 460.737181 seconds.
  path: Assets/Prefabs/-----Upgrade 3-----.prefab
  artifactKey: Guid(9d25078ca59f7644c935e9de900cb5e0) Importer(815301076,1909f56bfc062723c751e8b465ee728b)
Start importing Assets/Prefabs/-----Upgrade 3-----.prefab using Guid(9d25078ca59f7644c935e9de900cb5e0) Importer(815301076,1909f56bfc062723c751e8b465ee728b)  -> (artifact id: '5882eb23e187a1638df90713ef3569cc') in 6.609290 seconds 
  Import took 6.656733 seconds .

========================================================================
Received Prepare
Registering precompiled user dll's ...
Registered in 0.106427 seconds.
Begin MonoManager ReloadAssembly
Native extension for WindowsStandalone target not found
Refreshing native plugins compatible for Editor in 1.55 ms, found 2 plugins.
Preloading 0 native plugins for Editor in 0.00 ms.
Mono: successfully reloaded assembly
- Completed reload, in 10.874 seconds
Domain Reload Profiling:
	ReloadAssembly (10881ms)
		BeginReloadAssembly (719ms)
			ExecutionOrderSort (0ms)
			DisableScriptedObjects (32ms)
			BackupInstance (0ms)
			ReleaseScriptingObjects (0ms)
			CreateAndSetChildDomain (134ms)
		EndReloadAssembly (9708ms)
			LoadAssemblies (1351ms)
			RebuildTransferFunctionScriptingTraits (0ms)
			SetupTypeCache (2029ms)
			ReleaseScriptCaches (2ms)
			RebuildScriptCaches (167ms)
			SetupLoadedEditorAssemblies (5631ms)
				LogAssemblyErrors (0ms)
				InitializePlatformSupportModulesInManaged (34ms)
				SetLoadedEditorAssemblies (3ms)
				RefreshPlugins (3ms)
				BeforeProcessingInitializeOnLoad (438ms)
				ProcessInitializeOnLoadAttributes (4485ms)
				ProcessInitializeOnLoadMethodAttributes (64ms)
				AfterProcessingInitializeOnLoad (603ms)
				EditorAssembliesLoaded (2ms)
			ExecutionOrderSort2 (0ms)
			AwakeInstancesAfterBackupRestoration (63ms)
Platform modules already initialized, skipping
Refreshing native plugins compatible for Editor in 1.62 ms, found 2 plugins.
Preloading 0 native plugins for Editor in 0.00 ms.
Unloading 2037 Unused Serialized files (Serialized files now loaded: 0)
System memory in use before: 111.0 MB.
System memory in use after: 111.1 MB.

Unloading 16 unused Assets to reduce memory usage. Loaded Objects now: 2524.
Total: 9.435900 ms (FindLiveObjects: 0.639100 ms CreateObjectMapping: 0.380700 ms MarkObjects: 8.347700 ms  DeleteObjects: 0.063300 ms)

AssetImportParameters requested are different than current active one (requested -> active):
  custom:framework-win-MediaFoundation: 216162199b28c13a410421893ffa2e32 -> 
  custom:video-decoder-ogg-theora: a1e56fd34408186e4bbccfd4996cb3dc -> 
  custom:container-muxer-webm: aa71ff27fc2769a1b78a27578f13a17b -> 
  custom:container-demuxer-webm: 4f35f7cbe854078d1ac9338744f61a02 -> 
  custom:container-demuxer-ogg: 62fdf1f143b41e24485cea50d1cbac27 -> 
  custom:video-encoder-webm-vp8: eb34c28f22e8b96e1ab97ce403110664 -> 
  custom:video-decoder-webm-vp8: 9c59270c3fd7afecdb556c50c9e8de78 -> 
  custom:audio-decoder-ogg-vorbis: bf7c407c2cedff20999df2af8eb42d56 -> 
  custom:audio-encoder-webm-vorbis: bf7c407c2cedff20999df2af8eb42d56 -> 
========================================================================
Received Prepare
Registering precompiled user dll's ...
Registered in 0.089071 seconds.
Begin MonoManager ReloadAssembly
Native extension for WindowsStandalone target not found
Refreshing native plugins compatible for Editor in 1.49 ms, found 2 plugins.
Preloading 0 native plugins for Editor in 0.00 ms.
Mono: successfully reloaded assembly
- Completed reload, in  6.004 seconds
Domain Reload Profiling:
	ReloadAssembly (6012ms)
		BeginReloadAssembly (835ms)
			ExecutionOrderSort (0ms)
			DisableScriptedObjects (35ms)
			BackupInstance (0ms)
			ReleaseScriptingObjects (0ms)
			CreateAndSetChildDomain (209ms)
		EndReloadAssembly (4818ms)
			LoadAssemblies (557ms)
			RebuildTransferFunctionScriptingTraits (0ms)
			SetupTypeCache (1526ms)
			ReleaseScriptCaches (4ms)
			RebuildScriptCaches (190ms)
			SetupLoadedEditorAssemblies (2250ms)
				LogAssemblyErrors (0ms)
				InitializePlatformSupportModulesInManaged (30ms)
				SetLoadedEditorAssemblies (2ms)
				RefreshPlugins (2ms)
				BeforeProcessingInitializeOnLoad (556ms)
				ProcessInitializeOnLoadAttributes (1596ms)
				ProcessInitializeOnLoadMethodAttributes (32ms)
				AfterProcessingInitializeOnLoad (32ms)
				EditorAssembliesLoaded (1ms)
			ExecutionOrderSort2 (0ms)
			AwakeInstancesAfterBackupRestoration (25ms)
Platform modules already initialized, skipping
Refreshing native plugins compatible for Editor in 2.69 ms, found 2 plugins.
Preloading 0 native plugins for Editor in 0.00 ms.
Unloading 2037 Unused Serialized files (Serialized files now loaded: 0)
System memory in use before: 111.0 MB.
System memory in use after: 111.1 MB.

Unloading 16 unused Assets to reduce memory usage. Loaded Objects now: 2526.
Total: 35.960200 ms (FindLiveObjects: 0.636900 ms CreateObjectMapping: 0.701100 ms MarkObjects: 34.548800 ms  DeleteObjects: 0.068200 ms)

AssetImportParameters requested are different than current active one (requested -> active):
  custom:framework-win-MediaFoundation: 216162199b28c13a410421893ffa2e32 -> 
  custom:video-decoder-ogg-theora: a1e56fd34408186e4bbccfd4996cb3dc -> 
  custom:container-muxer-webm: aa71ff27fc2769a1b78a27578f13a17b -> 
  custom:container-demuxer-webm: 4f35f7cbe854078d1ac9338744f61a02 -> 
  custom:container-demuxer-ogg: 62fdf1f143b41e24485cea50d1cbac27 -> 
  custom:video-encoder-webm-vp8: eb34c28f22e8b96e1ab97ce403110664 -> 
  custom:video-decoder-webm-vp8: 9c59270c3fd7afecdb556c50c9e8de78 -> 
  custom:audio-decoder-ogg-vorbis: bf7c407c2cedff20999df2af8eb42d56 -> 
  custom:audio-encoder-webm-vorbis: bf7c407c2cedff20999df2af8eb42d56 -> 
AssetImportWorkerClient::OnTransportError - code=2 error=End of file
